Wed Aug 07 17:05:16 KST 2019 - java.util.logging.config.file = null
Wed Aug 07 17:05:16 KST 2019 - FileCatalyst API Enterprise v3.7.3  Build 25 (07/11/2019 1120)
Wed Aug 07 17:05:17 KST 2019 - 220 FileCatalyst Server Enterprise v3.7.3  Build 18 (04/15/2019 1039)
Wed Aug 07 17:05:17 KST 2019 - Setting Verify Mode To: VERIFY_AFTER
Wed Aug 07 17:05:17 KST 2019 - USER ichthys
Wed Aug 07 17:05:17 KST 2019 - 331 Please specify the password.
Wed Aug 07 17:05:17 KST 2019 - PASS *******
Wed Aug 07 17:05:17 KST 2019 - 230 Login successful.
Wed Aug 07 17:05:17 KST 2019 - SYST
Wed Aug 07 17:05:17 KST 2019 - 215 FileCatalyst - UNIX Type: L8
Wed Aug 07 17:05:17 KST 2019 - server session ID matched 1565165117101-1-null
Wed Aug 07 17:05:17 KST 2019 - SETUP 3.7.3 7 false 9 ""
Wed Aug 07 17:05:17 KST 2019 - 211 30720000 32768 12 1000000 6 0 128 0 1 5242880
Wed Aug 07 17:05:17 KST 2019 - PWD
Wed Aug 07 17:05:17 KST 2019 - 257 "/"
Wed Aug 07 17:05:17 KST 2019 - PASV
Wed Aug 07 17:05:17 KST 2019 - 227 Entering Passive Mode (15,164,166,2,32,160)
Wed Aug 07 17:05:17 KST 2019 - LIST
Wed Aug 07 17:05:17 KST 2019 - 150 Here comes the directory listing.
Wed Aug 07 17:05:17 KST 2019 - 226 Transfer Complete.
Wed Aug 07 17:05:19 KST 2019 - QUIT
Wed Aug 07 17:05:19 KST 2019 - 221 Goodbye.
Wed Aug 07 18:21:31 KST 2019 - java.util.logging.config.file = null
Wed Aug 07 18:21:31 KST 2019 - FileCatalyst API Enterprise v3.7.3  Build 25 (07/11/2019 1120)
Wed Aug 07 18:21:31 KST 2019 - 220 FileCatalyst Server Enterprise v3.7.3  Build 18 (04/15/2019 1039)
Wed Aug 07 18:21:31 KST 2019 - Setting Verify Mode To: VERIFY_AFTER
Wed Aug 07 18:21:31 KST 2019 - USER ichthys
Wed Aug 07 18:21:31 KST 2019 - 331 Please specify the password.
Wed Aug 07 18:21:31 KST 2019 - PASS *******
Wed Aug 07 18:21:31 KST 2019 - 230 Login successful.
Wed Aug 07 18:21:31 KST 2019 - SYST
Wed Aug 07 18:21:31 KST 2019 - 215 FileCatalyst - UNIX Type: L8
Wed Aug 07 18:21:31 KST 2019 - server session ID matched 1565169691761-1-null
Wed Aug 07 18:21:31 KST 2019 - SETUP 3.7.3 7 false 9 ""
Wed Aug 07 18:21:32 KST 2019 - 211 30720000 32768 12 1000000 6 0 128 0 1 5242880
Wed Aug 07 18:21:32 KST 2019 - NOOP
Wed Aug 07 18:21:32 KST 2019 - 200 NOOP ok.
Wed Aug 07 18:21:32 KST 2019 - NOOP
Wed Aug 07 18:21:32 KST 2019 - 200 NOOP ok.
Wed Aug 07 18:21:32 KST 2019 - NOOP
Wed Aug 07 18:21:32 KST 2019 - 200 NOOP ok.
Wed Aug 07 18:21:32 KST 2019 - PWD
Wed Aug 07 18:21:32 KST 2019 - 257 "/"
Wed Aug 07 18:21:32 KST 2019 - PASV
Wed Aug 07 18:21:32 KST 2019 - 227 Entering Passive Mode (15,164,166,2,32,161)
Wed Aug 07 18:21:32 KST 2019 - LIST
Wed Aug 07 18:21:32 KST 2019 - 150 Here comes the directory listing.
Wed Aug 07 18:21:32 KST 2019 - 226 Transfer Complete.
Wed Aug 07 18:21:32 KST 2019 - QUIT
Wed Aug 07 18:21:32 KST 2019 - 221 Goodbye.
Wed Aug 07 18:23:53 KST 2019 - java.util.logging.config.file = null
Wed Aug 07 18:23:53 KST 2019 - FileCatalyst API Enterprise v3.7.3  Build 25 (07/11/2019 1120)
Wed Aug 07 18:23:54 KST 2019 - 220 FileCatalyst Server Enterprise v3.7.3  Build 18 (04/15/2019 1039)
Wed Aug 07 18:23:54 KST 2019 - Setting Verify Mode To: VERIFY_AFTER
Wed Aug 07 18:23:54 KST 2019 - USER ichthys
Wed Aug 07 18:23:54 KST 2019 - 331 Please specify the password.
Wed Aug 07 18:23:54 KST 2019 - PASS *******
Wed Aug 07 18:23:54 KST 2019 - 230 Login successful.
Wed Aug 07 18:23:54 KST 2019 - SYST
Wed Aug 07 18:23:54 KST 2019 - 215 FileCatalyst - UNIX Type: L8
Wed Aug 07 18:23:54 KST 2019 - server session ID matched 1565169834129-1-null
Wed Aug 07 18:23:54 KST 2019 - SETUP 3.7.3 7 false 9 ""
Wed Aug 07 18:23:54 KST 2019 - 211 30720000 32768 12 1000000 6 0 128 0 1 5242880
Wed Aug 07 18:23:54 KST 2019 - NOOP
Wed Aug 07 18:23:54 KST 2019 - 200 NOOP ok.
Wed Aug 07 18:23:54 KST 2019 - NOOP
Wed Aug 07 18:23:54 KST 2019 - 200 NOOP ok.
Wed Aug 07 18:23:54 KST 2019 - NOOP
Wed Aug 07 18:23:54 KST 2019 - 200 NOOP ok.
Wed Aug 07 18:23:54 KST 2019 - PWD
Wed Aug 07 18:23:54 KST 2019 - 257 "/"
Wed Aug 07 18:23:54 KST 2019 - PASV
Wed Aug 07 18:23:54 KST 2019 - 227 Entering Passive Mode (15,164,166,2,32,162)
Wed Aug 07 18:23:54 KST 2019 - LIST
Wed Aug 07 18:23:54 KST 2019 - 150 Here comes the directory listing.
Wed Aug 07 18:23:54 KST 2019 - 226 Transfer Complete.
Wed Aug 07 18:23:54 KST 2019 - QUIT
Wed Aug 07 18:23:54 KST 2019 - 221 Goodbye.
Wed Aug 07 18:25:25 KST 2019 - java.util.logging.config.file = null
Wed Aug 07 18:25:25 KST 2019 - FileCatalyst API Enterprise v3.7.3  Build 25 (07/11/2019 1120)
Wed Aug 07 18:25:25 KST 2019 - 220 FileCatalyst Server Enterprise v3.7.3  Build 18 (04/15/2019 1039)
Wed Aug 07 18:25:25 KST 2019 - Setting Verify Mode To: VERIFY_AFTER
Wed Aug 07 18:25:25 KST 2019 - USER ichthys
Wed Aug 07 18:25:26 KST 2019 - 331 Please specify the password.
Wed Aug 07 18:25:26 KST 2019 - PASS *******
Wed Aug 07 18:25:26 KST 2019 - 230 Login successful.
Wed Aug 07 18:25:26 KST 2019 - SYST
Wed Aug 07 18:25:26 KST 2019 - 215 FileCatalyst - UNIX Type: L8
Wed Aug 07 18:25:26 KST 2019 - server session ID matched 1565169925963-1-null
Wed Aug 07 18:25:26 KST 2019 - SETUP 3.7.3 7 false 9 ""
Wed Aug 07 18:25:26 KST 2019 - 211 30720000 32768 12 1000000 6 0 128 0 1 5242880
Wed Aug 07 18:25:26 KST 2019 - NOOP
Wed Aug 07 18:25:26 KST 2019 - 200 NOOP ok.
Wed Aug 07 18:25:26 KST 2019 - NOOP
Wed Aug 07 18:25:26 KST 2019 - 200 NOOP ok.
Wed Aug 07 18:25:26 KST 2019 - NOOP
Wed Aug 07 18:25:26 KST 2019 - 200 NOOP ok.
Wed Aug 07 18:25:26 KST 2019 - PWD
Wed Aug 07 18:25:26 KST 2019 - 257 "/"
Wed Aug 07 18:25:26 KST 2019 - PASV
Wed Aug 07 18:25:26 KST 2019 - 227 Entering Passive Mode (15,164,166,2,32,163)
Wed Aug 07 18:25:26 KST 2019 - LIST
Wed Aug 07 18:25:26 KST 2019 - 150 Here comes the directory listing.
Wed Aug 07 18:25:26 KST 2019 - 226 Transfer Complete.
Wed Aug 07 18:25:26 KST 2019 - Auto detecting connection mode and transfer mode...
Wed Aug 07 18:25:26 KST 2019 - ************ NetDiag:clientDetails: Version: Enterprise v3.7.3  Build 25 (07/11/2019 1120)
Wed Aug 07 18:25:26 KST 2019 - ************ NetDiag:clientDetails: OS: Windows 10 10.0 amd64
Wed Aug 07 18:25:26 KST 2019 - ************ NetDiag:clientDetails: Java: 1.8.0_211
Wed Aug 07 18:25:26 KST 2019 - 220 FileCatalyst Server Enterprise v3.7.3  Build 18 (04/15/2019 1039)
Wed Aug 07 18:25:26 KST 2019 - USER ichthys
Wed Aug 07 18:25:26 KST 2019 - 331 Please specify the password.
Wed Aug 07 18:25:26 KST 2019 - PASS *******
Wed Aug 07 18:25:26 KST 2019 - 230 Login successful.
Wed Aug 07 18:25:26 KST 2019 - server session ID matched 1565169926765-2-NULL
Wed Aug 07 18:25:26 KST 2019 - SETUP 3.7.3 7 false 9 ""
Wed Aug 07 18:25:26 KST 2019 - 211 30720000 32768 12 1000000 6 0 128 0 1 5242880
Wed Aug 07 18:25:26 KST 2019 - NOOP
Wed Aug 07 18:25:27 KST 2019 - 200 NOOP ok.
Wed Aug 07 18:25:27 KST 2019 - NOOP
Wed Aug 07 18:25:27 KST 2019 - 200 NOOP ok.
Wed Aug 07 18:25:27 KST 2019 - NOOP
Wed Aug 07 18:25:27 KST 2019 - 200 NOOP ok.
Wed Aug 07 18:25:27 KST 2019 - ************ NetDiag:fcversionChecker: ServerVersion: v3.7.3
Wed Aug 07 18:25:27 KST 2019 - PLATF
Wed Aug 07 18:25:27 KST 2019 - 200 Linux 3.10.0-957.1.3.el7.x86_64 amd64
Wed Aug 07 18:25:27 KST 2019 - ************ NetworkDiag:getFCServerOS: genuine FileCatalyst Server OS_STATUS is set to:Linux 3.10.0-957.1.3.el7.x86_64 amd64
Wed Aug 07 18:25:27 KST 2019 - ************ NetDiag:fcversionChecker: ServerVersion: v3.7.3
Wed Aug 07 18:25:27 KST 2019 - ************ NetworkDiag:getFCServerOS: genuine FileCatalyst Server AGENT_ID is set to:baf2edae684bca4b
Wed Aug 07 18:25:27 KST 2019 - TCP control channel works, detecting data transfer mode
Wed Aug 07 18:25:27 KST 2019 - TUDP 32 20 0
Wed Aug 07 18:25:27 KST 2019 - 150 8356
Wed Aug 07 18:25:27 KST 2019 - UDP data connection succeeded
Wed Aug 07 18:25:27 KST 2019 - QUIT
Wed Aug 07 18:25:27 KST 2019 - 221 Goodbye.
Wed Aug 07 18:25:27 KST 2019 - Transfer mode: UDP
Wed Aug 07 18:25:27 KST 2019 - Uploading seoy2.log (1 of 1)
Wed Aug 07 18:25:27 KST 2019 - SIZE seoy2.log
Wed Aug 07 18:25:27 KST 2019 - 213 24
Wed Aug 07 18:25:27 KST 2019 - Detecting if UDP ack mode possible...
Wed Aug 07 18:25:27 KST 2019 - RUDP 5 8 10 0
Wed Aug 07 18:25:27 KST 2019 - 150 8357
Wed Aug 07 18:25:27 KST 2019 - UDP ack mode possible
Wed Aug 07 18:25:27 KST 2019 - INIFC --> INIFC 1 5242880 24 24 0 1 -551275390 4 0 4 0 1 10 1 1 1 0 0 5
Wed Aug 07 18:25:27 KST 2019 - Global byte buffer pool is enabled
Wed Aug 07 18:25:27 KST 2019 - INIFC 1 5242880 24 24 0 1 -551275390 4 0 4 0 1 10 1 1 1 0 0 5
Wed Aug 07 18:25:27 KST 2019 - 200 FileCatalyst transfer initialized.
Wed Aug 07 18:25:27 KST 2019 - STOR "seoy2.log" -551275390
Wed Aug 07 18:25:28 KST 2019 - 125 8358
Wed Aug 07 18:25:29 KST 2019 - Done transferring seoy2.log. Average rate = 0.1 kbps (0 kB/s), Last rate = 0 kbps (0 kB/s), Transfer Time 1 sec, Packet Loss = 0%, RTT = 57 ms
Wed Aug 07 18:25:29 KST 2019 - Verifying... 
Wed Aug 07 18:25:29 KST 2019 - MD5 "seoy2.log"
Wed Aug 07 18:25:29 KST 2019 - 213 7B7491B14B13702DA523C14069270137
Wed Aug 07 18:25:29 KST 2019 - Files are identical.
Wed Aug 07 18:25:29 KST 2019 - MD5-Logs "C:\Temp\seoy2.log" 7B7491B14B13702DA523C14069270137 <-> "/seoy2.log" 7B7491B14B13702DA523C14069270137
Wed Aug 07 18:25:29 KST 2019 - WREP TRANSFER_ID=-551275390|/FILE_STATUS=SUCCESS|/SESSION_ID=1565169925963-1-null
Wed Aug 07 18:25:29 KST 2019 - 200 Report Has Been Written
Wed Aug 07 18:25:29 KST 2019 - QUIT
Wed Aug 07 18:25:29 KST 2019 - 221 Goodbye.
Wed Aug 07 19:07:10 KST 2019 - java.util.logging.config.file = null
Wed Aug 07 19:07:10 KST 2019 - FileCatalyst API Enterprise v3.7.3  Build 25 (07/11/2019 1120)
Wed Aug 07 19:07:10 KST 2019 - 220 FileCatalyst Server Enterprise v3.7.3  Build 18 (04/15/2019 1039)
Wed Aug 07 19:07:10 KST 2019 - Setting Verify Mode To: VERIFY_AFTER
Wed Aug 07 19:07:10 KST 2019 - USER ichthys
Wed Aug 07 19:07:10 KST 2019 - 331 Please specify the password.
Wed Aug 07 19:07:10 KST 2019 - PASS *******
Wed Aug 07 19:07:10 KST 2019 - 230 Login successful.
Wed Aug 07 19:07:11 KST 2019 - SYST
Wed Aug 07 19:07:11 KST 2019 - 215 FileCatalyst - UNIX Type: L8
Wed Aug 07 19:07:11 KST 2019 - server session ID matched 1565172430826-1-null
Wed Aug 07 19:07:11 KST 2019 - SETUP 3.7.3 7 false 9 ""
Wed Aug 07 19:07:11 KST 2019 - 211 30720000 32768 12 1000000 6 0 128 0 1 5242880
Wed Aug 07 19:07:11 KST 2019 - PWD
Wed Aug 07 19:07:11 KST 2019 - 257 "/"
Wed Aug 07 19:07:11 KST 2019 - PASV
Wed Aug 07 19:07:11 KST 2019 - 227 Entering Passive Mode (15,164,166,2,32,167)
Wed Aug 07 19:07:11 KST 2019 - LIST
Wed Aug 07 19:07:11 KST 2019 - 150 Here comes the directory listing.
Wed Aug 07 19:07:11 KST 2019 - 226 Transfer Complete.
Wed Aug 07 19:07:11 KST 2019 - QUIT
Wed Aug 07 19:07:11 KST 2019 - 221 Goodbye.
Wed Aug 07 19:13:56 KST 2019 - java.util.logging.config.file = null
Wed Aug 07 19:13:56 KST 2019 - FileCatalyst API Enterprise v3.7.3  Build 25 (07/11/2019 1120)
Wed Aug 07 19:13:56 KST 2019 - 220 FileCatalyst Server Enterprise v3.7.3  Build 18 (04/15/2019 1039)
Wed Aug 07 19:13:56 KST 2019 - Setting Verify Mode To: VERIFY_AFTER
Wed Aug 07 19:13:56 KST 2019 - USER ichthys
Wed Aug 07 19:13:56 KST 2019 - 331 Please specify the password.
Wed Aug 07 19:13:56 KST 2019 - PASS *******
Wed Aug 07 19:13:56 KST 2019 - 230 Login successful.
Wed Aug 07 19:13:56 KST 2019 - SYST
Wed Aug 07 19:13:56 KST 2019 - 215 FileCatalyst - UNIX Type: L8
Wed Aug 07 19:13:56 KST 2019 - server session ID matched 1565172836210-1-null
Wed Aug 07 19:13:56 KST 2019 - SETUP 3.7.3 7 false 9 ""
Wed Aug 07 19:13:56 KST 2019 - 211 30720000 32768 12 1000000 6 0 128 0 1 5242880
Wed Aug 07 19:13:56 KST 2019 - PWD
Wed Aug 07 19:13:56 KST 2019 - 257 "/"
Wed Aug 07 19:13:56 KST 2019 - PASV
Wed Aug 07 19:13:56 KST 2019 - 227 Entering Passive Mode (15,164,166,2,32,204)
Wed Aug 07 19:13:56 KST 2019 - LIST
Wed Aug 07 19:13:56 KST 2019 - 150 Here comes the directory listing.
Wed Aug 07 19:13:56 KST 2019 - 226 Transfer Complete.
Wed Aug 07 19:13:56 KST 2019 - QUIT
Wed Aug 07 19:13:56 KST 2019 - 221 Goodbye.
Wed Aug 07 19:23:16 KST 2019 - java.util.logging.config.file = null
Wed Aug 07 19:23:16 KST 2019 - FileCatalyst API Enterprise v3.7.3  Build 25 (07/11/2019 1120)
Wed Aug 07 19:23:16 KST 2019 - 220 FileCatalyst Server Enterprise v3.7.3  Build 18 (04/15/2019 1039)
Wed Aug 07 19:23:16 KST 2019 - Setting Verify Mode To: VERIFY_AFTER
Wed Aug 07 19:23:16 KST 2019 - USER ichthys
Wed Aug 07 19:23:16 KST 2019 - 331 Please specify the password.
Wed Aug 07 19:23:16 KST 2019 - PASS *******
Wed Aug 07 19:23:16 KST 2019 - 230 Login successful.
Wed Aug 07 19:23:16 KST 2019 - SYST
Wed Aug 07 19:23:16 KST 2019 - 215 FileCatalyst - UNIX Type: L8
Wed Aug 07 19:23:16 KST 2019 - server session ID matched 1565173396387-1-null
Wed Aug 07 19:23:16 KST 2019 - SETUP 3.7.3 7 false 9 ""
Wed Aug 07 19:23:16 KST 2019 - 211 30720000 32768 12 1000000 6 0 128 0 1 5242880
Wed Aug 07 19:23:16 KST 2019 - PWD
Wed Aug 07 19:23:16 KST 2019 - 257 "/"
Wed Aug 07 19:23:16 KST 2019 - PASV
Wed Aug 07 19:23:16 KST 2019 - 227 Entering Passive Mode (15,164,166,2,32,215)
Wed Aug 07 19:23:16 KST 2019 - LIST
Wed Aug 07 19:23:16 KST 2019 - 150 Here comes the directory listing.
Wed Aug 07 19:23:17 KST 2019 - 226 Transfer Complete.
Wed Aug 07 19:23:17 KST 2019 - Auto detecting connection mode and transfer mode...
Wed Aug 07 19:23:17 KST 2019 - ************ NetDiag:clientDetails: Version: Enterprise v3.7.3  Build 25 (07/11/2019 1120)
Wed Aug 07 19:23:17 KST 2019 - ************ NetDiag:clientDetails: OS: Windows 10 10.0 amd64
Wed Aug 07 19:23:17 KST 2019 - ************ NetDiag:clientDetails: Java: 1.8.0_211
Wed Aug 07 19:23:17 KST 2019 - 220 FileCatalyst Server Enterprise v3.7.3  Build 18 (04/15/2019 1039)
Wed Aug 07 19:23:17 KST 2019 - USER ichthys
Wed Aug 07 19:23:17 KST 2019 - 331 Please specify the password.
Wed Aug 07 19:23:17 KST 2019 - PASS *******
Wed Aug 07 19:23:17 KST 2019 - 230 Login successful.
Wed Aug 07 19:23:17 KST 2019 - server session ID matched 1565173397198-2-NULL
Wed Aug 07 19:23:17 KST 2019 - SETUP 3.7.3 7 false 9 ""
Wed Aug 07 19:23:17 KST 2019 - 211 30720000 32768 12 1000000 6 0 128 0 1 5242880
Wed Aug 07 19:23:17 KST 2019 - ************ NetDiag:fcversionChecker: ServerVersion: v3.7.3
Wed Aug 07 19:23:17 KST 2019 - PLATF
Wed Aug 07 19:23:17 KST 2019 - 200 Linux 3.10.0-957.1.3.el7.x86_64 amd64
Wed Aug 07 19:23:17 KST 2019 - ************ NetworkDiag:getFCServerOS: genuine FileCatalyst Server OS_STATUS is set to:Linux 3.10.0-957.1.3.el7.x86_64 amd64
Wed Aug 07 19:23:17 KST 2019 - ************ NetDiag:fcversionChecker: ServerVersion: v3.7.3
Wed Aug 07 19:23:17 KST 2019 - ************ NetworkDiag:getFCServerOS: genuine FileCatalyst Server AGENT_ID is set to:baf2edae684bca4b
Wed Aug 07 19:23:17 KST 2019 - TCP control channel works, detecting data transfer mode
Wed Aug 07 19:23:17 KST 2019 - TUDP 32 20 0
Wed Aug 07 19:23:17 KST 2019 - 150 8408
Wed Aug 07 19:23:17 KST 2019 - UDP data connection succeeded
Wed Aug 07 19:23:17 KST 2019 - QUIT
Wed Aug 07 19:23:17 KST 2019 - 221 Goodbye.
Wed Aug 07 19:23:20 KST 2019 - SIZE 1.exe
Wed Aug 07 19:23:20 KST 2019 - 550 File does not exist
Wed Aug 07 19:23:20 KST 2019 - Transfer mode: UDP
Wed Aug 07 19:23:20 KST 2019 - Uploading 1.exe (1 of 1)
Wed Aug 07 19:23:20 KST 2019 - SIZE 1.exe
Wed Aug 07 19:23:20 KST 2019 - 550 File does not exist
Wed Aug 07 19:23:20 KST 2019 - Detecting if UDP ack mode possible...
Wed Aug 07 19:23:20 KST 2019 - RUDP 5 8 10 0
Wed Aug 07 19:23:20 KST 2019 - 150 8409
Wed Aug 07 19:23:20 KST 2019 - UDP ack mode possible
Wed Aug 07 19:23:20 KST 2019 - INIFC --> INIFC 5 5242880 1006 166331880 0 1 -1368463089 4 0 4 0 1 10 1 1 1 0 0 5
Wed Aug 07 19:23:20 KST 2019 - Global byte buffer pool is enabled
Wed Aug 07 19:23:20 KST 2019 - INIFC 5 5242880 1006 166331880 0 1 -1368463089 4 0 4 0 1 10 1 1 1 0 0 5
Wed Aug 07 19:23:20 KST 2019 - 200 FileCatalyst transfer initialized.
Wed Aug 07 19:23:20 KST 2019 - STOR "1.exe" -1368463089
Wed Aug 07 19:23:20 KST 2019 - 125 8410
Wed Aug 07 19:26:09 KST 2019 - java.util.logging.config.file = null
Wed Aug 07 19:26:09 KST 2019 - FileCatalyst API Enterprise v3.7.3  Build 25 (07/11/2019 1120)
Wed Aug 07 19:26:09 KST 2019 - 220 FileCatalyst Server Enterprise v3.7.3  Build 18 (04/15/2019 1039)
Wed Aug 07 19:26:09 KST 2019 - Setting Verify Mode To: VERIFY_AFTER
Wed Aug 07 19:26:09 KST 2019 - USER ichthys
Wed Aug 07 19:26:10 KST 2019 - 331 Please specify the password.
Wed Aug 07 19:26:10 KST 2019 - PASS *******
Wed Aug 07 19:26:10 KST 2019 - 230 Login successful.
Wed Aug 07 19:26:10 KST 2019 - SYST
Wed Aug 07 19:26:10 KST 2019 - 215 FileCatalyst - UNIX Type: L8
Wed Aug 07 19:26:10 KST 2019 - server session ID matched 1565173569978-1-null
Wed Aug 07 19:26:10 KST 2019 - SETUP 3.7.3 7 false 9 ""
Wed Aug 07 19:26:10 KST 2019 - 211 30720000 32768 12 1000000 6 0 128 0 1 5242880
Wed Aug 07 19:26:10 KST 2019 - NOOP
Wed Aug 07 19:26:10 KST 2019 - 200 NOOP ok.
Wed Aug 07 19:26:10 KST 2019 - NOOP
Wed Aug 07 19:26:10 KST 2019 - 200 NOOP ok.
Wed Aug 07 19:26:10 KST 2019 - NOOP
Wed Aug 07 19:26:10 KST 2019 - 200 NOOP ok.
Wed Aug 07 19:26:10 KST 2019 - PWD
Wed Aug 07 19:26:10 KST 2019 - 257 "/"
Wed Aug 07 19:26:10 KST 2019 - PASV
Wed Aug 07 19:26:10 KST 2019 - 227 Entering Passive Mode (15,164,166,2,32,219)
Wed Aug 07 19:26:10 KST 2019 - LIST
Wed Aug 07 19:26:10 KST 2019 - 150 Here comes the directory listing.
Wed Aug 07 19:26:10 KST 2019 - 226 Transfer Complete.
Wed Aug 07 19:26:10 KST 2019 - Auto detecting connection mode and transfer mode...
Wed Aug 07 19:26:10 KST 2019 - ************ NetDiag:clientDetails: Version: Enterprise v3.7.3  Build 25 (07/11/2019 1120)
Wed Aug 07 19:26:10 KST 2019 - ************ NetDiag:clientDetails: OS: Windows 10 10.0 amd64
Wed Aug 07 19:26:10 KST 2019 - ************ NetDiag:clientDetails: Java: 1.8.0_211
Wed Aug 07 19:26:10 KST 2019 - 220 FileCatalyst Server Enterprise v3.7.3  Build 18 (04/15/2019 1039)
Wed Aug 07 19:26:10 KST 2019 - USER ichthys
Wed Aug 07 19:26:10 KST 2019 - 331 Please specify the password.
Wed Aug 07 19:26:10 KST 2019 - PASS *******
Wed Aug 07 19:26:10 KST 2019 - 230 Login successful.
Wed Aug 07 19:26:10 KST 2019 - server session ID matched 1565173570832-2-NULL
Wed Aug 07 19:26:10 KST 2019 - SETUP 3.7.3 7 false 9 ""
Wed Aug 07 19:26:10 KST 2019 - 211 30720000 32768 12 1000000 6 0 128 0 1 5242880
Wed Aug 07 19:26:10 KST 2019 - NOOP
Wed Aug 07 19:26:11 KST 2019 - 200 NOOP ok.
Wed Aug 07 19:26:11 KST 2019 - NOOP
Wed Aug 07 19:26:11 KST 2019 - 200 NOOP ok.
Wed Aug 07 19:26:11 KST 2019 - NOOP
Wed Aug 07 19:26:11 KST 2019 - 200 NOOP ok.
Wed Aug 07 19:26:11 KST 2019 - ************ NetDiag:fcversionChecker: ServerVersion: v3.7.3
Wed Aug 07 19:26:11 KST 2019 - PLATF
Wed Aug 07 19:26:11 KST 2019 - 200 Linux 3.10.0-957.1.3.el7.x86_64 amd64
Wed Aug 07 19:26:11 KST 2019 - ************ NetworkDiag:getFCServerOS: genuine FileCatalyst Server OS_STATUS is set to:Linux 3.10.0-957.1.3.el7.x86_64 amd64
Wed Aug 07 19:26:11 KST 2019 - ************ NetDiag:fcversionChecker: ServerVersion: v3.7.3
Wed Aug 07 19:26:11 KST 2019 - ************ NetworkDiag:getFCServerOS: genuine FileCatalyst Server AGENT_ID is set to:baf2edae684bca4b
Wed Aug 07 19:26:11 KST 2019 - TCP control channel works, detecting data transfer mode
Wed Aug 07 19:26:11 KST 2019 - TUDP 32 20 0
Wed Aug 07 19:26:11 KST 2019 - 150 8412
Wed Aug 07 19:26:11 KST 2019 - UDP data connection succeeded
Wed Aug 07 19:26:11 KST 2019 - QUIT
Wed Aug 07 19:26:11 KST 2019 - 221 Goodbye.
Wed Aug 07 19:26:11 KST 2019 - Transfer mode: UDP
Wed Aug 07 19:26:11 KST 2019 - Uploading 1.exe (1 of 1)
Wed Aug 07 19:26:11 KST 2019 - SIZE 1.exe
Wed Aug 07 19:26:11 KST 2019 - 213 10485760
Wed Aug 07 19:26:11 KST 2019 - Detecting if UDP ack mode possible...
Wed Aug 07 19:26:11 KST 2019 - RUDP 5 8 10 0
Wed Aug 07 19:26:11 KST 2019 - 150 8413
Wed Aug 07 19:26:11 KST 2019 - UDP ack mode possible
Wed Aug 07 19:26:11 KST 2019 - INIFC --> INIFC 5 5242880 1006 166331880 0 1 -1880196847 4 0 4 0 1 10 1 1 1 0 0 5
Wed Aug 07 19:26:11 KST 2019 - Global byte buffer pool is enabled
Wed Aug 07 19:26:11 KST 2019 - INIFC 5 5242880 1006 166331880 0 1 -1880196847 4 0 4 0 1 10 1 1 1 0 0 5
Wed Aug 07 19:26:12 KST 2019 - 200 FileCatalyst transfer initialized.
Wed Aug 07 19:26:12 KST 2019 - STOR "1.exe" -1880196847
Wed Aug 07 19:26:12 KST 2019 - 125 8414
Wed Aug 07 19:26:51 KST 2019 - java.util.logging.config.file = null
Wed Aug 07 19:26:51 KST 2019 - FileCatalyst API Enterprise v3.7.3  Build 25 (07/11/2019 1120)
Wed Aug 07 19:26:51 KST 2019 - 220 FileCatalyst Server Enterprise v3.7.3  Build 18 (04/15/2019 1039)
Wed Aug 07 19:26:51 KST 2019 - Setting Verify Mode To: VERIFY_AFTER
Wed Aug 07 19:26:51 KST 2019 - USER ichthys
Wed Aug 07 19:26:52 KST 2019 - 331 Please specify the password.
Wed Aug 07 19:26:52 KST 2019 - PASS *******
Wed Aug 07 19:26:52 KST 2019 - 230 Login successful.
Wed Aug 07 19:26:52 KST 2019 - SYST
Wed Aug 07 19:26:52 KST 2019 - 215 FileCatalyst - UNIX Type: L8
Wed Aug 07 19:26:52 KST 2019 - server session ID matched 1565173611957-1-null
Wed Aug 07 19:26:52 KST 2019 - SETUP 3.7.3 7 false 9 ""
Wed Aug 07 19:26:52 KST 2019 - 211 30720000 32768 12 1000000 6 0 128 0 1 5242880
Wed Aug 07 19:26:52 KST 2019 - NOOP
Wed Aug 07 19:26:52 KST 2019 - 200 NOOP ok.
Wed Aug 07 19:26:52 KST 2019 - NOOP
Wed Aug 07 19:26:52 KST 2019 - 200 NOOP ok.
Wed Aug 07 19:26:52 KST 2019 - NOOP
Wed Aug 07 19:26:52 KST 2019 - 200 NOOP ok.
Wed Aug 07 19:26:52 KST 2019 - PWD
Wed Aug 07 19:26:52 KST 2019 - 257 "/"
Wed Aug 07 19:26:52 KST 2019 - PASV
Wed Aug 07 19:26:52 KST 2019 - 227 Entering Passive Mode (15,164,166,2,32,223)
Wed Aug 07 19:26:52 KST 2019 - LIST
Wed Aug 07 19:26:52 KST 2019 - 150 Here comes the directory listing.
Wed Aug 07 19:26:52 KST 2019 - 226 Transfer Complete.
Wed Aug 07 19:26:52 KST 2019 - Auto detecting connection mode and transfer mode...
Wed Aug 07 19:26:52 KST 2019 - ************ NetDiag:clientDetails: Version: Enterprise v3.7.3  Build 25 (07/11/2019 1120)
Wed Aug 07 19:26:52 KST 2019 - ************ NetDiag:clientDetails: OS: Windows 10 10.0 amd64
Wed Aug 07 19:26:52 KST 2019 - ************ NetDiag:clientDetails: Java: 1.8.0_211
Wed Aug 07 19:26:52 KST 2019 - 220 FileCatalyst Server Enterprise v3.7.3  Build 18 (04/15/2019 1039)
Wed Aug 07 19:26:52 KST 2019 - USER ichthys
Wed Aug 07 19:26:53 KST 2019 - 331 Please specify the password.
Wed Aug 07 19:26:53 KST 2019 - PASS *******
Wed Aug 07 19:26:53 KST 2019 - 230 Login successful.
Wed Aug 07 19:26:53 KST 2019 - server session ID matched 1565173612975-2-NULL
Wed Aug 07 19:26:53 KST 2019 - SETUP 3.7.3 7 false 9 ""
Wed Aug 07 19:26:53 KST 2019 - 211 30720000 32768 12 1000000 6 0 128 0 1 5242880
Wed Aug 07 19:26:53 KST 2019 - NOOP
Wed Aug 07 19:26:53 KST 2019 - 200 NOOP ok.
Wed Aug 07 19:26:53 KST 2019 - NOOP
Wed Aug 07 19:26:53 KST 2019 - 200 NOOP ok.
Wed Aug 07 19:26:53 KST 2019 - NOOP
Wed Aug 07 19:26:53 KST 2019 - 200 NOOP ok.
Wed Aug 07 19:26:53 KST 2019 - ************ NetDiag:fcversionChecker: ServerVersion: v3.7.3
Wed Aug 07 19:26:53 KST 2019 - PLATF
Wed Aug 07 19:26:53 KST 2019 - 200 Linux 3.10.0-957.1.3.el7.x86_64 amd64
Wed Aug 07 19:26:53 KST 2019 - ************ NetworkDiag:getFCServerOS: genuine FileCatalyst Server OS_STATUS is set to:Linux 3.10.0-957.1.3.el7.x86_64 amd64
Wed Aug 07 19:26:53 KST 2019 - ************ NetDiag:fcversionChecker: ServerVersion: v3.7.3
Wed Aug 07 19:26:53 KST 2019 - ************ NetworkDiag:getFCServerOS: genuine FileCatalyst Server AGENT_ID is set to:baf2edae684bca4b
Wed Aug 07 19:26:53 KST 2019 - TCP control channel works, detecting data transfer mode
Wed Aug 07 19:26:53 KST 2019 - TUDP 32 20 0
Wed Aug 07 19:26:53 KST 2019 - 150 8416
Wed Aug 07 19:26:53 KST 2019 - UDP data connection succeeded
Wed Aug 07 19:26:53 KST 2019 - QUIT
Wed Aug 07 19:26:53 KST 2019 - 221 Goodbye.
Wed Aug 07 19:26:53 KST 2019 - Transfer mode: UDP
Wed Aug 07 19:26:53 KST 2019 - Uploading 1.exe (1 of 1)
Wed Aug 07 19:26:53 KST 2019 - SIZE 1.exe
Wed Aug 07 19:26:53 KST 2019 - 213 5242880
Wed Aug 07 19:26:53 KST 2019 - Detecting if UDP ack mode possible...
Wed Aug 07 19:26:53 KST 2019 - RUDP 5 8 10 0
Wed Aug 07 19:26:53 KST 2019 - 150 8417
Wed Aug 07 19:26:54 KST 2019 - UDP ack mode possible
Wed Aug 07 19:26:54 KST 2019 - INIFC --> INIFC 5 5242880 1006 166331880 0 1 2039601526 4 0 4 0 1 10 1 1 1 0 0 5
Wed Aug 07 19:26:54 KST 2019 - Global byte buffer pool is enabled
Wed Aug 07 19:26:54 KST 2019 - INIFC 5 5242880 1006 166331880 0 1 2039601526 4 0 4 0 1 10 1 1 1 0 0 5
Wed Aug 07 19:26:54 KST 2019 - 200 FileCatalyst transfer initialized.
Wed Aug 07 19:26:54 KST 2019 - STOR "1.exe" 2039601526
Wed Aug 07 19:26:54 KST 2019 - 125 8418
Wed Aug 07 19:27:35 KST 2019 - java.util.logging.config.file = null
Wed Aug 07 19:27:35 KST 2019 - FileCatalyst API Enterprise v3.7.3  Build 25 (07/11/2019 1120)
Wed Aug 07 19:27:36 KST 2019 - 220 FileCatalyst Server Enterprise v3.7.3  Build 18 (04/15/2019 1039)
Wed Aug 07 19:27:36 KST 2019 - Setting Verify Mode To: VERIFY_AFTER
Wed Aug 07 19:27:36 KST 2019 - USER ichthys
Wed Aug 07 19:27:36 KST 2019 - 331 Please specify the password.
Wed Aug 07 19:27:36 KST 2019 - PASS *******
Wed Aug 07 19:27:36 KST 2019 - 230 Login successful.
Wed Aug 07 19:27:36 KST 2019 - SYST
Wed Aug 07 19:27:36 KST 2019 - 215 FileCatalyst - UNIX Type: L8
Wed Aug 07 19:27:36 KST 2019 - server session ID matched 1565173656154-1-null
Wed Aug 07 19:27:36 KST 2019 - SETUP 3.7.3 7 false 9 ""
Wed Aug 07 19:27:36 KST 2019 - 211 30720000 32768 12 1000000 6 0 128 0 1 5242880
Wed Aug 07 19:27:36 KST 2019 - PWD
Wed Aug 07 19:27:36 KST 2019 - 257 "/"
Wed Aug 07 19:27:36 KST 2019 - PASV
Wed Aug 07 19:27:36 KST 2019 - 227 Entering Passive Mode (15,164,166,2,32,227)
Wed Aug 07 19:27:36 KST 2019 - LIST
Wed Aug 07 19:27:36 KST 2019 - 150 Here comes the directory listing.
Wed Aug 07 19:27:36 KST 2019 - 226 Transfer Complete.
Wed Aug 07 19:27:36 KST 2019 - Auto detecting connection mode and transfer mode...
Wed Aug 07 19:27:36 KST 2019 - ************ NetDiag:clientDetails: Version: Enterprise v3.7.3  Build 25 (07/11/2019 1120)
Wed Aug 07 19:27:36 KST 2019 - ************ NetDiag:clientDetails: OS: Windows 10 10.0 amd64
Wed Aug 07 19:27:36 KST 2019 - ************ NetDiag:clientDetails: Java: 1.8.0_211
Wed Aug 07 19:27:36 KST 2019 - 220 FileCatalyst Server Enterprise v3.7.3  Build 18 (04/15/2019 1039)
Wed Aug 07 19:27:36 KST 2019 - USER ichthys
Wed Aug 07 19:27:36 KST 2019 - 331 Please specify the password.
Wed Aug 07 19:27:36 KST 2019 - PASS *******
Wed Aug 07 19:27:37 KST 2019 - 230 Login successful.
Wed Aug 07 19:27:37 KST 2019 - server session ID matched 1565173656934-2-NULL
Wed Aug 07 19:27:37 KST 2019 - SETUP 3.7.3 7 false 9 ""
Wed Aug 07 19:27:37 KST 2019 - 211 30720000 32768 12 1000000 6 0 128 0 1 5242880
Wed Aug 07 19:27:37 KST 2019 - NOOP
Wed Aug 07 19:27:37 KST 2019 - 200 NOOP ok.
Wed Aug 07 19:27:37 KST 2019 - NOOP
Wed Aug 07 19:27:37 KST 2019 - 200 NOOP ok.
Wed Aug 07 19:27:37 KST 2019 - NOOP
Wed Aug 07 19:27:37 KST 2019 - 200 NOOP ok.
Wed Aug 07 19:27:37 KST 2019 - ************ NetDiag:fcversionChecker: ServerVersion: v3.7.3
Wed Aug 07 19:27:37 KST 2019 - PLATF
Wed Aug 07 19:27:37 KST 2019 - 200 Linux 3.10.0-957.1.3.el7.x86_64 amd64
Wed Aug 07 19:27:37 KST 2019 - ************ NetworkDiag:getFCServerOS: genuine FileCatalyst Server OS_STATUS is set to:Linux 3.10.0-957.1.3.el7.x86_64 amd64
Wed Aug 07 19:27:37 KST 2019 - ************ NetDiag:fcversionChecker: ServerVersion: v3.7.3
Wed Aug 07 19:27:37 KST 2019 - ************ NetworkDiag:getFCServerOS: genuine FileCatalyst Server AGENT_ID is set to:baf2edae684bca4b
Wed Aug 07 19:27:37 KST 2019 - TCP control channel works, detecting data transfer mode
Wed Aug 07 19:27:37 KST 2019 - TUDP 32 20 0
Wed Aug 07 19:27:37 KST 2019 - 150 8420
Wed Aug 07 19:27:37 KST 2019 - UDP data connection succeeded
Wed Aug 07 19:27:37 KST 2019 - QUIT
Wed Aug 07 19:27:37 KST 2019 - 221 Goodbye.
Wed Aug 07 19:27:37 KST 2019 - Transfer mode: UDP
Wed Aug 07 19:27:37 KST 2019 - Uploading 1.exe (1 of 1)
Wed Aug 07 19:27:37 KST 2019 - Checking if file can be resumed...
Wed Aug 07 19:27:37 KST 2019 - MD5 "1.exe" 0 5242880
Wed Aug 07 19:27:38 KST 2019 - 213 A53D77F312FDCAAFD5FBE39EE5181400
Wed Aug 07 19:27:38 KST 2019 - File can be resumed, starting at offset 5242880
Wed Aug 07 19:27:38 KST 2019 - Detecting if UDP ack mode possible...
Wed Aug 07 19:27:38 KST 2019 - RUDP 5 8 10 0
Wed Aug 07 19:27:38 KST 2019 - 150 8421
Wed Aug 07 19:27:38 KST 2019 - UDP ack mode possible
Wed Aug 07 19:27:38 KST 2019 - INIFC --> INIFC 5 5242880 1006 161089000 0 1 -1998601662 4 0 4 0 1 10 1 1 1 0 0 5
Wed Aug 07 19:27:38 KST 2019 - Global byte buffer pool is enabled
Wed Aug 07 19:27:38 KST 2019 - INIFC 5 5242880 1006 161089000 0 1 -1998601662 4 0 4 0 1 10 1 1 1 0 0 5
Wed Aug 07 19:27:38 KST 2019 - 200 FileCatalyst transfer initialized.
Wed Aug 07 19:27:38 KST 2019 - APPE "1.exe" -1998601662
Wed Aug 07 19:27:38 KST 2019 - 125 8422
Wed Aug 07 23:52:18 KST 2019 - java.util.logging.config.file = null
Wed Aug 07 23:52:18 KST 2019 - FileCatalyst API Enterprise v3.7.3  Build 25 (07/11/2019 1120)
Wed Aug 07 23:52:18 KST 2019 - 220 FileCatalyst Server Enterprise v3.7.3  Build 18 (04/15/2019 1039)
Wed Aug 07 23:52:18 KST 2019 - Setting Verify Mode To: VERIFY_AFTER
Wed Aug 07 23:52:18 KST 2019 - USER ichthys
Wed Aug 07 23:52:18 KST 2019 - 331 Please specify the password.
Wed Aug 07 23:52:18 KST 2019 - PASS *******
Wed Aug 07 23:52:18 KST 2019 - 230 Login successful.
Wed Aug 07 23:52:18 KST 2019 - SYST
Wed Aug 07 23:52:18 KST 2019 - 215 FileCatalyst - UNIX Type: L8
Wed Aug 07 23:52:18 KST 2019 - server session ID matched 1565189538605-1-null
Wed Aug 07 23:52:18 KST 2019 - SETUP 3.7.3 7 false 9 ""
Wed Aug 07 23:52:18 KST 2019 - 211 30720000 32768 12 1000000 6 0 128 0 1 5242880
Wed Aug 07 23:52:18 KST 2019 - PWD
Wed Aug 07 23:52:18 KST 2019 - 257 "/"
Wed Aug 07 23:52:18 KST 2019 - PASV
Wed Aug 07 23:52:18 KST 2019 - 227 Entering Passive Mode (15,164,166,2,32,231)
Wed Aug 07 23:52:18 KST 2019 - LIST
Wed Aug 07 23:52:18 KST 2019 - 150 Here comes the directory listing.
Wed Aug 07 23:52:18 KST 2019 - 226 Transfer Complete.
Wed Aug 07 23:52:18 KST 2019 - Auto detecting connection mode and transfer mode...
Wed Aug 07 23:52:18 KST 2019 - ************ NetDiag:clientDetails: Version: Enterprise v3.7.3  Build 25 (07/11/2019 1120)
Wed Aug 07 23:52:18 KST 2019 - ************ NetDiag:clientDetails: OS: Windows 10 10.0 amd64
Wed Aug 07 23:52:18 KST 2019 - ************ NetDiag:clientDetails: Java: 1.8.0_211
Wed Aug 07 23:52:18 KST 2019 - 220 FileCatalyst Server Enterprise v3.7.3  Build 18 (04/15/2019 1039)
Wed Aug 07 23:52:18 KST 2019 - USER ichthys
Wed Aug 07 23:52:18 KST 2019 - 331 Please specify the password.
Wed Aug 07 23:52:18 KST 2019 - PASS *******
Wed Aug 07 23:52:18 KST 2019 - 230 Login successful.
Wed Aug 07 23:52:18 KST 2019 - server session ID matched 1565189538910-2-NULL
Wed Aug 07 23:52:18 KST 2019 - SETUP 3.7.3 7 false 9 ""
Wed Aug 07 23:52:18 KST 2019 - 211 30720000 32768 12 1000000 6 0 128 0 1 5242880
Wed Aug 07 23:52:18 KST 2019 - ************ NetDiag:fcversionChecker: ServerVersion: v3.7.3
Wed Aug 07 23:52:18 KST 2019 - PLATF
Wed Aug 07 23:52:18 KST 2019 - 200 Linux 3.10.0-957.1.3.el7.x86_64 amd64
Wed Aug 07 23:52:18 KST 2019 - ************ NetworkDiag:getFCServerOS: genuine FileCatalyst Server OS_STATUS is set to:Linux 3.10.0-957.1.3.el7.x86_64 amd64
Wed Aug 07 23:52:18 KST 2019 - ************ NetDiag:fcversionChecker: ServerVersion: v3.7.3
Wed Aug 07 23:52:18 KST 2019 - ************ NetworkDiag:getFCServerOS: genuine FileCatalyst Server AGENT_ID is set to:baf2edae684bca4b
Wed Aug 07 23:52:18 KST 2019 - TCP control channel works, detecting data transfer mode
Wed Aug 07 23:52:18 KST 2019 - TUDP 32 20 0
Wed Aug 07 23:52:19 KST 2019 - 150 8424
Wed Aug 07 23:52:19 KST 2019 - UDP data connection succeeded
Wed Aug 07 23:52:19 KST 2019 - QUIT
Wed Aug 07 23:52:19 KST 2019 - 221 Goodbye.
Wed Aug 07 23:52:21 KST 2019 - Transfer mode: UDP
Wed Aug 07 23:52:21 KST 2019 - Uploading 1.exe (1 of 1)
Wed Aug 07 23:52:21 KST 2019 - Checking if file can be resumed...
Wed Aug 07 23:52:21 KST 2019 - MD5 "1.exe" 0 5242880
Wed Aug 07 23:52:21 KST 2019 - 213 A53D77F312FDCAAFD5FBE39EE5181400
Wed Aug 07 23:52:21 KST 2019 - File can be resumed, starting at offset 5242880
Wed Aug 07 23:52:21 KST 2019 - Detecting if UDP ack mode possible...
Wed Aug 07 23:52:21 KST 2019 - RUDP 5 8 10 0
Wed Aug 07 23:52:21 KST 2019 - 150 8425
Wed Aug 07 23:52:21 KST 2019 - UDP ack mode possible
Wed Aug 07 23:52:21 KST 2019 - INIFC --> INIFC 5 5242880 1006 161089000 0 1 -384206024 4 0 4 0 1 10 1 1 1 0 0 5
Wed Aug 07 23:52:21 KST 2019 - Global byte buffer pool is enabled
Wed Aug 07 23:52:21 KST 2019 - INIFC 5 5242880 1006 161089000 0 1 -384206024 4 0 4 0 1 10 1 1 1 0 0 5
Wed Aug 07 23:52:21 KST 2019 - 200 FileCatalyst transfer initialized.
Wed Aug 07 23:52:21 KST 2019 - APPE "1.exe" -384206024
Wed Aug 07 23:52:21 KST 2019 - 125 8426
Wed Aug 07 23:53:26 KST 2019 - java.util.logging.config.file = null
Wed Aug 07 23:53:26 KST 2019 - FileCatalyst API Enterprise v3.7.3  Build 25 (07/11/2019 1120)
Wed Aug 07 23:53:26 KST 2019 - 220 FileCatalyst Server Enterprise v3.7.3  Build 18 (04/15/2019 1039)
Wed Aug 07 23:53:26 KST 2019 - Setting Verify Mode To: VERIFY_AFTER
Wed Aug 07 23:53:26 KST 2019 - USER ichthys
Wed Aug 07 23:53:26 KST 2019 - 331 Please specify the password.
Wed Aug 07 23:53:26 KST 2019 - PASS *******
Wed Aug 07 23:53:27 KST 2019 - 230 Login successful.
Wed Aug 07 23:53:27 KST 2019 - SYST
Wed Aug 07 23:53:27 KST 2019 - 215 FileCatalyst - UNIX Type: L8
Wed Aug 07 23:53:27 KST 2019 - server session ID matched 1565189606975-1-null
Wed Aug 07 23:53:27 KST 2019 - SETUP 3.7.3 7 false 9 ""
Wed Aug 07 23:53:27 KST 2019 - 211 30720000 32768 12 1000000 6 0 128 0 1 5242880
Wed Aug 07 23:53:27 KST 2019 - PWD
Wed Aug 07 23:53:27 KST 2019 - 257 "/"
Wed Aug 07 23:53:27 KST 2019 - PASV
Wed Aug 07 23:53:27 KST 2019 - 227 Entering Passive Mode (15,164,166,2,32,235)
Wed Aug 07 23:53:27 KST 2019 - LIST
Wed Aug 07 23:53:27 KST 2019 - 150 Here comes the directory listing.
Wed Aug 07 23:53:27 KST 2019 - 226 Transfer Complete.
Wed Aug 07 23:53:27 KST 2019 - Auto detecting connection mode and transfer mode...
Wed Aug 07 23:53:27 KST 2019 - ************ NetDiag:clientDetails: Version: Enterprise v3.7.3  Build 25 (07/11/2019 1120)
Wed Aug 07 23:53:27 KST 2019 - ************ NetDiag:clientDetails: OS: Windows 10 10.0 amd64
Wed Aug 07 23:53:27 KST 2019 - ************ NetDiag:clientDetails: Java: 1.8.0_211
Wed Aug 07 23:53:27 KST 2019 - 220 FileCatalyst Server Enterprise v3.7.3  Build 18 (04/15/2019 1039)
Wed Aug 07 23:53:27 KST 2019 - USER ichthys
Wed Aug 07 23:53:27 KST 2019 - 331 Please specify the password.
Wed Aug 07 23:53:27 KST 2019 - PASS *******
Wed Aug 07 23:53:27 KST 2019 - 230 Login successful.
Wed Aug 07 23:53:27 KST 2019 - server session ID matched 1565189607260-2-NULL
Wed Aug 07 23:53:27 KST 2019 - SETUP 3.7.3 7 false 9 ""
Wed Aug 07 23:53:27 KST 2019 - 211 30720000 32768 12 1000000 6 0 128 0 1 5242880
Wed Aug 07 23:53:27 KST 2019 - NOOP
Wed Aug 07 23:53:27 KST 2019 - 200 NOOP ok.
Wed Aug 07 23:53:27 KST 2019 - NOOP
Wed Aug 07 23:53:27 KST 2019 - 200 NOOP ok.
Wed Aug 07 23:53:27 KST 2019 - NOOP
Wed Aug 07 23:53:27 KST 2019 - 200 NOOP ok.
Wed Aug 07 23:53:27 KST 2019 - ************ NetDiag:fcversionChecker: ServerVersion: v3.7.3
Wed Aug 07 23:53:27 KST 2019 - PLATF
Wed Aug 07 23:53:27 KST 2019 - 200 Linux 3.10.0-957.1.3.el7.x86_64 amd64
Wed Aug 07 23:53:27 KST 2019 - ************ NetworkDiag:getFCServerOS: genuine FileCatalyst Server OS_STATUS is set to:Linux 3.10.0-957.1.3.el7.x86_64 amd64
Wed Aug 07 23:53:27 KST 2019 - ************ NetDiag:fcversionChecker: ServerVersion: v3.7.3
Wed Aug 07 23:53:27 KST 2019 - ************ NetworkDiag:getFCServerOS: genuine FileCatalyst Server AGENT_ID is set to:baf2edae684bca4b
Wed Aug 07 23:53:27 KST 2019 - TCP control channel works, detecting data transfer mode
Wed Aug 07 23:53:27 KST 2019 - TUDP 32 20 0
Wed Aug 07 23:53:27 KST 2019 - 150 8428
Wed Aug 07 23:53:27 KST 2019 - UDP data connection succeeded
Wed Aug 07 23:53:27 KST 2019 - QUIT
Wed Aug 07 23:53:27 KST 2019 - 221 Goodbye.
Wed Aug 07 23:53:27 KST 2019 - Transfer mode: UDP
Wed Aug 07 23:53:27 KST 2019 - Uploading 1.exe (1 of 1)
Wed Aug 07 23:53:27 KST 2019 - Checking if file can be resumed...
Wed Aug 07 23:53:27 KST 2019 - MD5 "1.exe" 0 15728640
Wed Aug 07 23:53:28 KST 2019 - 213 015E914265A8740A167F6C5EE86CBD24
Wed Aug 07 23:53:28 KST 2019 - File can be resumed, starting at offset 15728640
Wed Aug 07 23:53:28 KST 2019 - Detecting if UDP ack mode possible...
Wed Aug 07 23:53:28 KST 2019 - RUDP 5 8 10 0
Wed Aug 07 23:53:28 KST 2019 - 150 8429
Wed Aug 07 23:53:28 KST 2019 - UDP ack mode possible
Wed Aug 07 23:53:28 KST 2019 - INIFC --> INIFC 5 5242880 1006 150603240 0 1 -1797984754 4 0 4 0 1 10 1 1 1 0 0 5
Wed Aug 07 23:53:28 KST 2019 - Global byte buffer pool is enabled
Wed Aug 07 23:53:28 KST 2019 - INIFC 5 5242880 1006 150603240 0 1 -1797984754 4 0 4 0 1 10 1 1 1 0 0 5
Wed Aug 07 23:53:28 KST 2019 - 200 FileCatalyst transfer initialized.
Wed Aug 07 23:53:28 KST 2019 - APPE "1.exe" -1797984754
Wed Aug 07 23:53:28 KST 2019 - 125 8430
