Thu Aug 08 00:01:07 KST 2019 - java.util.logging.config.file = null
Thu Aug 08 00:01:07 KST 2019 - FileCatalyst API Enterprise v3.7.3  Build 25 (07/11/2019 1120)
Thu Aug 08 00:01:08 KST 2019 - 220 FileCatalyst Server Enterprise v3.7.3  Build 18 (04/15/2019 1039)
Thu Aug 08 00:01:08 KST 2019 - Setting Verify Mode To: VERIFY_AFTER
Thu Aug 08 00:01:08 KST 2019 - USER ichthys
Thu Aug 08 00:01:08 KST 2019 - 331 Please specify the password.
Thu Aug 08 00:01:08 KST 2019 - PASS *******
Thu Aug 08 00:01:08 KST 2019 - 230 Login successful.
Thu Aug 08 00:01:08 KST 2019 - SYST
Thu Aug 08 00:01:08 KST 2019 - 215 FileCatalyst - UNIX Type: L8
Thu Aug 08 00:01:08 KST 2019 - server session ID matched 1565190068054-1-null
Thu Aug 08 00:01:08 KST 2019 - SETUP 3.7.3 7 false 9 ""
Thu Aug 08 00:01:08 KST 2019 - 211 30720000 32768 12 1000000 6 0 128 0 1 5242880
Thu Aug 08 00:01:08 KST 2019 - PWD
Thu Aug 08 00:01:08 KST 2019 - 257 "/"
Thu Aug 08 00:01:08 KST 2019 - PASV
Thu Aug 08 00:01:08 KST 2019 - 227 Entering Passive Mode (15,164,166,2,32,239)
Thu Aug 08 00:01:08 KST 2019 - LIST
Thu Aug 08 00:01:08 KST 2019 - 150 Here comes the directory listing.
Thu Aug 08 00:01:08 KST 2019 - 226 Transfer Complete.
Thu Aug 08 00:02:07 KST 2019 - java.util.logging.config.file = null
Thu Aug 08 00:02:07 KST 2019 - FileCatalyst API Enterprise v3.7.3  Build 25 (07/11/2019 1120)
Thu Aug 08 00:02:07 KST 2019 - 220 FileCatalyst Server Enterprise v3.7.3  Build 18 (04/15/2019 1039)
Thu Aug 08 00:02:07 KST 2019 - Setting Verify Mode To: VERIFY_AFTER
Thu Aug 08 00:02:07 KST 2019 - USER ichthys
Thu Aug 08 00:02:08 KST 2019 - 331 Please specify the password.
Thu Aug 08 00:02:08 KST 2019 - PASS *******
Thu Aug 08 00:02:08 KST 2019 - 230 Login successful.
Thu Aug 08 00:02:08 KST 2019 - SYST
Thu Aug 08 00:02:08 KST 2019 - 215 FileCatalyst - UNIX Type: L8
Thu Aug 08 00:02:08 KST 2019 - server session ID matched 1565190127986-1-null
Thu Aug 08 00:02:08 KST 2019 - SETUP 3.7.3 7 false 9 ""
Thu Aug 08 00:02:08 KST 2019 - 211 30720000 32768 12 1000000 6 0 128 0 1 5242880
Thu Aug 08 00:02:08 KST 2019 - PWD
Thu Aug 08 00:02:08 KST 2019 - 257 "/"
Thu Aug 08 00:02:08 KST 2019 - PASV
Thu Aug 08 00:02:08 KST 2019 - 227 Entering Passive Mode (15,164,166,2,32,240)
Thu Aug 08 00:02:08 KST 2019 - LIST
Thu Aug 08 00:02:08 KST 2019 - 150 Here comes the directory listing.
Thu Aug 08 00:02:08 KST 2019 - 226 Transfer Complete.
Thu Aug 08 00:03:10 KST 2019 - java.util.logging.config.file = null
Thu Aug 08 00:03:10 KST 2019 - FileCatalyst API Enterprise v3.7.3  Build 25 (07/11/2019 1120)
Thu Aug 08 00:03:10 KST 2019 - 220 FileCatalyst Server Enterprise v3.7.3  Build 18 (04/15/2019 1039)
Thu Aug 08 00:03:10 KST 2019 - Setting Verify Mode To: VERIFY_AFTER
Thu Aug 08 00:03:10 KST 2019 - USER ichthys
Thu Aug 08 00:03:10 KST 2019 - 331 Please specify the password.
Thu Aug 08 00:03:10 KST 2019 - PASS *******
Thu Aug 08 00:03:10 KST 2019 - 230 Login successful.
Thu Aug 08 00:03:10 KST 2019 - SYST
Thu Aug 08 00:03:10 KST 2019 - 215 FileCatalyst - UNIX Type: L8
Thu Aug 08 00:03:10 KST 2019 - server session ID matched 1565190190571-1-null
Thu Aug 08 00:03:10 KST 2019 - SETUP 3.7.3 7 false 9 ""
Thu Aug 08 00:03:10 KST 2019 - 211 30720000 32768 12 1000000 6 0 128 0 1 5242880
Thu Aug 08 00:03:10 KST 2019 - PWD
Thu Aug 08 00:03:10 KST 2019 - 257 "/"
Thu Aug 08 00:03:10 KST 2019 - PASV
Thu Aug 08 00:03:10 KST 2019 - 227 Entering Passive Mode (15,164,166,2,32,241)
Thu Aug 08 00:03:10 KST 2019 - LIST
Thu Aug 08 00:03:10 KST 2019 - 150 Here comes the directory listing.
Thu Aug 08 00:03:10 KST 2019 - 226 Transfer Complete.
Thu Aug 08 00:03:10 KST 2019 - QUIT
Thu Aug 08 00:03:10 KST 2019 - 221 Goodbye.
Thu Aug 08 00:25:53 KST 2019 - java.util.logging.config.file = null
Thu Aug 08 00:25:53 KST 2019 - FileCatalyst API Enterprise v3.7.3  Build 25 (07/11/2019 1120)
Thu Aug 08 00:25:53 KST 2019 - 220 FileCatalyst Server Enterprise v3.7.3  Build 18 (04/15/2019 1039)
Thu Aug 08 00:25:53 KST 2019 - Setting Verify Mode To: VERIFY_AFTER
Thu Aug 08 00:25:53 KST 2019 - USER ichthys
Thu Aug 08 00:25:53 KST 2019 - 331 Please specify the password.
Thu Aug 08 00:25:53 KST 2019 - PASS *******
Thu Aug 08 00:25:54 KST 2019 - 230 Login successful.
Thu Aug 08 00:25:54 KST 2019 - SYST
Thu Aug 08 00:25:54 KST 2019 - 215 FileCatalyst - UNIX Type: L8
Thu Aug 08 00:25:54 KST 2019 - server session ID matched 1565191553969-1-null
Thu Aug 08 00:25:54 KST 2019 - SETUP 3.7.3 7 false 9 ""
Thu Aug 08 00:25:54 KST 2019 - 211 30720000 32768 12 1000000 6 0 128 0 1 5242880
Thu Aug 08 00:25:54 KST 2019 - NOOP
Thu Aug 08 00:25:54 KST 2019 - 200 NOOP ok.
Thu Aug 08 00:25:54 KST 2019 - NOOP
Thu Aug 08 00:25:54 KST 2019 - 200 NOOP ok.
Thu Aug 08 00:25:54 KST 2019 - NOOP
Thu Aug 08 00:25:54 KST 2019 - 200 NOOP ok.
Thu Aug 08 00:25:54 KST 2019 - PWD
Thu Aug 08 00:25:54 KST 2019 - 257 "/"
Thu Aug 08 00:25:54 KST 2019 - PASV
Thu Aug 08 00:25:54 KST 2019 - 227 Entering Passive Mode (15,164,166,2,32,242)
Thu Aug 08 00:25:54 KST 2019 - LIST
Thu Aug 08 00:25:54 KST 2019 - 150 Here comes the directory listing.
Thu Aug 08 00:25:54 KST 2019 - 226 Transfer Complete.
Thu Aug 08 11:51:51 KST 2019 - java.util.logging.config.file = null
Thu Aug 08 11:51:51 KST 2019 - FileCatalyst API Enterprise v3.7.3  Build 25 (07/11/2019 1120)
Thu Aug 08 11:51:51 KST 2019 - 220 FileCatalyst Server Enterprise v3.7.3  Build 18 (04/15/2019 1039)
Thu Aug 08 11:51:51 KST 2019 - Setting Verify Mode To: VERIFY_AFTER
Thu Aug 08 11:51:51 KST 2019 - USER ichthys
Thu Aug 08 11:51:51 KST 2019 - 331 Please specify the password.
Thu Aug 08 11:51:51 KST 2019 - PASS *******
Thu Aug 08 11:51:51 KST 2019 - 230 Login successful.
Thu Aug 08 11:51:51 KST 2019 - SYST
Thu Aug 08 11:51:51 KST 2019 - 215 FileCatalyst - UNIX Type: L8
Thu Aug 08 11:51:51 KST 2019 - server session ID matched 1565232711357-1-null
Thu Aug 08 11:51:51 KST 2019 - SETUP 3.7.3 7 false 9 ""
Thu Aug 08 11:51:51 KST 2019 - 211 30720000 32768 12 1000000 6 0 128 0 1 5242880
Thu Aug 08 11:51:51 KST 2019 - PWD
Thu Aug 08 11:51:51 KST 2019 - 257 "/"
Thu Aug 08 11:51:51 KST 2019 - PASV
Thu Aug 08 11:51:51 KST 2019 - 227 Entering Passive Mode (15,164,166,2,32,243)
Thu Aug 08 11:51:52 KST 2019 - LIST
Thu Aug 08 11:51:52 KST 2019 - 150 Here comes the directory listing.
Thu Aug 08 11:51:52 KST 2019 - 226 Transfer Complete.
Thu Aug 08 11:51:52 KST 2019 - QUIT
Thu Aug 08 11:51:52 KST 2019 - Auto detecting connection mode and transfer mode...
Thu Aug 08 11:51:52 KST 2019 - Auto detecting connection mode and transfer mode...
Thu Aug 08 11:51:52 KST 2019 - ************ NetDiag:clientDetails: Version: Enterprise v3.7.3  Build 25 (07/11/2019 1120)
Thu Aug 08 11:51:52 KST 2019 - ************ NetDiag:clientDetails: Version: Enterprise v3.7.3  Build 25 (07/11/2019 1120)
Thu Aug 08 11:51:52 KST 2019 - ************ NetDiag:clientDetails: OS: Windows 10 10.0 amd64
Thu Aug 08 11:51:52 KST 2019 - ************ NetDiag:clientDetails: OS: Windows 10 10.0 amd64
Thu Aug 08 11:51:52 KST 2019 - ************ NetDiag:clientDetails: Java: 1.8.0_211
Thu Aug 08 11:51:52 KST 2019 - ************ NetDiag:clientDetails: Java: 1.8.0_211
Thu Aug 08 11:51:52 KST 2019 - 221 Goodbye.
Thu Aug 08 11:54:04 KST 2019 - java.util.logging.config.file = null
Thu Aug 08 11:54:04 KST 2019 - FileCatalyst API Enterprise v3.7.3  Build 25 (07/11/2019 1120)
Thu Aug 08 11:54:04 KST 2019 - 220 FileCatalyst Server Enterprise v3.7.3  Build 18 (04/15/2019 1039)
Thu Aug 08 11:54:04 KST 2019 - Setting Verify Mode To: VERIFY_AFTER
Thu Aug 08 11:54:04 KST 2019 - USER ichthys
Thu Aug 08 11:54:04 KST 2019 - 331 Please specify the password.
Thu Aug 08 11:54:04 KST 2019 - PASS *******
Thu Aug 08 11:54:04 KST 2019 - 230 Login successful.
Thu Aug 08 11:54:04 KST 2019 - SYST
Thu Aug 08 11:54:04 KST 2019 - 215 FileCatalyst - UNIX Type: L8
Thu Aug 08 11:54:04 KST 2019 - server session ID matched 1565232844399-1-null
Thu Aug 08 11:54:04 KST 2019 - SETUP 3.7.3 7 false 9 ""
Thu Aug 08 11:54:04 KST 2019 - 211 30720000 32768 12 1000000 6 0 128 0 1 5242880
Thu Aug 08 11:54:04 KST 2019 - NOOP
Thu Aug 08 11:54:04 KST 2019 - 200 NOOP ok.
Thu Aug 08 11:54:04 KST 2019 - NOOP
Thu Aug 08 11:54:04 KST 2019 - 200 NOOP ok.
Thu Aug 08 11:54:04 KST 2019 - NOOP
Thu Aug 08 11:54:04 KST 2019 - 200 NOOP ok.
Thu Aug 08 11:54:04 KST 2019 - PWD
Thu Aug 08 11:54:04 KST 2019 - 257 "/"
Thu Aug 08 11:54:04 KST 2019 - PASV
Thu Aug 08 11:54:05 KST 2019 - 227 Entering Passive Mode (15,164,166,2,32,248)
Thu Aug 08 11:54:05 KST 2019 - LIST
Thu Aug 08 11:54:05 KST 2019 - 150 Here comes the directory listing.
Thu Aug 08 11:54:05 KST 2019 - 226 Transfer Complete.
Thu Aug 08 11:54:05 KST 2019 - QUIT
Thu Aug 08 11:54:05 KST 2019 - Auto detecting connection mode and transfer mode...
Thu Aug 08 11:54:05 KST 2019 - Auto detecting connection mode and transfer mode...
Thu Aug 08 11:54:05 KST 2019 - ************ NetDiag:clientDetails: Version: Enterprise v3.7.3  Build 25 (07/11/2019 1120)
Thu Aug 08 11:54:05 KST 2019 - ************ NetDiag:clientDetails: OS: Windows 10 10.0 amd64
Thu Aug 08 11:54:05 KST 2019 - ************ NetDiag:clientDetails: Java: 1.8.0_211
Thu Aug 08 11:54:05 KST 2019 - ************ NetDiag:clientDetails: Version: Enterprise v3.7.3  Build 25 (07/11/2019 1120)
Thu Aug 08 11:54:05 KST 2019 - ************ NetDiag:clientDetails: OS: Windows 10 10.0 amd64
Thu Aug 08 11:54:05 KST 2019 - ************ NetDiag:clientDetails: Java: 1.8.0_211
Thu Aug 08 11:54:05 KST 2019 - 221 Goodbye.
Thu Aug 08 11:54:36 KST 2019 - java.util.logging.config.file = null
Thu Aug 08 11:54:36 KST 2019 - FileCatalyst API Enterprise v3.7.3  Build 25 (07/11/2019 1120)
Thu Aug 08 11:54:37 KST 2019 - 220 FileCatalyst Server Enterprise v3.7.3  Build 18 (04/15/2019 1039)
Thu Aug 08 11:54:37 KST 2019 - Setting Verify Mode To: VERIFY_AFTER
Thu Aug 08 11:54:37 KST 2019 - USER ichthys
Thu Aug 08 11:54:37 KST 2019 - 331 Please specify the password.
Thu Aug 08 11:54:37 KST 2019 - PASS *******
Thu Aug 08 11:54:37 KST 2019 - 230 Login successful.
Thu Aug 08 11:54:37 KST 2019 - SYST
Thu Aug 08 11:54:37 KST 2019 - 215 FileCatalyst - UNIX Type: L8
Thu Aug 08 11:54:37 KST 2019 - server session ID matched 1565232877107-1-null
Thu Aug 08 11:54:37 KST 2019 - SETUP 3.7.3 7 false 9 ""
Thu Aug 08 11:54:37 KST 2019 - 211 30720000 32768 12 1000000 6 0 128 0 1 5242880
Thu Aug 08 11:54:37 KST 2019 - NOOP
Thu Aug 08 11:54:37 KST 2019 - 200 NOOP ok.
Thu Aug 08 11:54:37 KST 2019 - NOOP
Thu Aug 08 11:54:37 KST 2019 - 200 NOOP ok.
Thu Aug 08 11:54:37 KST 2019 - NOOP
Thu Aug 08 11:54:37 KST 2019 - 200 NOOP ok.
Thu Aug 08 11:54:37 KST 2019 - PWD
Thu Aug 08 11:54:37 KST 2019 - 257 "/"
Thu Aug 08 11:54:37 KST 2019 - PASV
Thu Aug 08 11:54:37 KST 2019 - 227 Entering Passive Mode (15,164,166,2,32,251)
Thu Aug 08 11:54:37 KST 2019 - LIST
Thu Aug 08 11:54:37 KST 2019 - 150 Here comes the directory listing.
Thu Aug 08 11:54:38 KST 2019 - 226 Transfer Complete.
Thu Aug 08 11:54:38 KST 2019 - Auto detecting connection mode and transfer mode...
Thu Aug 08 11:54:38 KST 2019 - QUIT
Thu Aug 08 11:54:38 KST 2019 - ************ NetDiag:clientDetails: Version: Enterprise v3.7.3  Build 25 (07/11/2019 1120)
Thu Aug 08 11:54:38 KST 2019 - Auto detecting connection mode and transfer mode...
Thu Aug 08 11:54:38 KST 2019 - ************ NetDiag:clientDetails: OS: Windows 10 10.0 amd64
Thu Aug 08 11:54:38 KST 2019 - ************ NetDiag:clientDetails: Version: Enterprise v3.7.3  Build 25 (07/11/2019 1120)
Thu Aug 08 11:54:38 KST 2019 - ************ NetDiag:clientDetails: Java: 1.8.0_211
Thu Aug 08 11:54:38 KST 2019 - ************ NetDiag:clientDetails: OS: Windows 10 10.0 amd64
Thu Aug 08 11:54:38 KST 2019 - ************ NetDiag:clientDetails: Java: 1.8.0_211
Thu Aug 08 11:54:38 KST 2019 - 221 Goodbye.
Thu Aug 08 11:55:55 KST 2019 - java.util.logging.config.file = null
Thu Aug 08 11:55:55 KST 2019 - FileCatalyst API Enterprise v3.7.3  Build 25 (07/11/2019 1120)
Thu Aug 08 11:55:56 KST 2019 - 220 FileCatalyst Server Enterprise v3.7.3  Build 18 (04/15/2019 1039)
Thu Aug 08 11:55:56 KST 2019 - Setting Verify Mode To: VERIFY_AFTER
Thu Aug 08 11:55:56 KST 2019 - USER ichthys
Thu Aug 08 11:55:56 KST 2019 - 331 Please specify the password.
Thu Aug 08 11:55:56 KST 2019 - PASS *******
Thu Aug 08 11:55:56 KST 2019 - 230 Login successful.
Thu Aug 08 11:55:56 KST 2019 - SYST
Thu Aug 08 11:55:56 KST 2019 - 215 FileCatalyst - UNIX Type: L8
Thu Aug 08 11:55:56 KST 2019 - server session ID matched 1565232956078-1-null
Thu Aug 08 11:55:56 KST 2019 - SETUP 3.7.3 7 false 9 ""
Thu Aug 08 11:55:56 KST 2019 - 211 30720000 32768 12 1000000 6 0 128 0 1 5242880
Thu Aug 08 11:55:56 KST 2019 - PWD
Thu Aug 08 11:55:56 KST 2019 - 257 "/"
Thu Aug 08 11:55:56 KST 2019 - PASV
Thu Aug 08 11:55:56 KST 2019 - 227 Entering Passive Mode (15,164,166,2,33,0)
Thu Aug 08 11:55:56 KST 2019 - LIST
Thu Aug 08 11:55:56 KST 2019 - 150 Here comes the directory listing.
Thu Aug 08 11:55:56 KST 2019 - 226 Transfer Complete.
Thu Aug 08 11:55:56 KST 2019 - QUIT
Thu Aug 08 11:55:56 KST 2019 - Auto detecting connection mode and transfer mode...
Thu Aug 08 11:55:56 KST 2019 - Auto detecting connection mode and transfer mode...
Thu Aug 08 11:55:56 KST 2019 - ************ NetDiag:clientDetails: Version: Enterprise v3.7.3  Build 25 (07/11/2019 1120)
Thu Aug 08 11:55:56 KST 2019 - ************ NetDiag:clientDetails: Version: Enterprise v3.7.3  Build 25 (07/11/2019 1120)
Thu Aug 08 11:55:56 KST 2019 - ************ NetDiag:clientDetails: OS: Windows 10 10.0 amd64
Thu Aug 08 11:55:56 KST 2019 - ************ NetDiag:clientDetails: OS: Windows 10 10.0 amd64
Thu Aug 08 11:55:56 KST 2019 - ************ NetDiag:clientDetails: Java: 1.8.0_211
Thu Aug 08 11:55:56 KST 2019 - ************ NetDiag:clientDetails: Java: 1.8.0_211
Thu Aug 08 11:55:57 KST 2019 - 221 Goodbye.
Thu Aug 08 11:56:04 KST 2019 - java.util.logging.config.file = null
Thu Aug 08 11:56:04 KST 2019 - FileCatalyst API Enterprise v3.7.3  Build 25 (07/11/2019 1120)
Thu Aug 08 11:56:05 KST 2019 - 220 FileCatalyst Server Enterprise v3.7.3  Build 18 (04/15/2019 1039)
Thu Aug 08 11:56:05 KST 2019 - Setting Verify Mode To: VERIFY_AFTER
Thu Aug 08 11:56:05 KST 2019 - USER ichthys
Thu Aug 08 11:56:05 KST 2019 - 331 Please specify the password.
Thu Aug 08 11:56:05 KST 2019 - PASS *******
Thu Aug 08 11:56:05 KST 2019 - 230 Login successful.
Thu Aug 08 11:56:05 KST 2019 - server session ID matched 1565232965021-4-null
Thu Aug 08 11:56:05 KST 2019 - SETUP 3.7.3 7 false 9 ""
Thu Aug 08 11:56:05 KST 2019 - 211 30720000 32768 12 1000000 6 0 128 0 1 5242880
Thu Aug 08 11:56:05 KST 2019 - PWD
Thu Aug 08 11:56:05 KST 2019 - 257 "/"
Thu Aug 08 11:56:05 KST 2019 - PASV
Thu Aug 08 11:56:05 KST 2019 - 227 Entering Passive Mode (15,164,166,2,33,3)
Thu Aug 08 11:56:05 KST 2019 - LIST
Thu Aug 08 11:56:05 KST 2019 - 150 Here comes the directory listing.
Thu Aug 08 11:56:05 KST 2019 - 226 Transfer Complete.
Thu Aug 08 11:56:05 KST 2019 - QUIT
Thu Aug 08 11:56:05 KST 2019 - Auto detecting connection mode and transfer mode...
Thu Aug 08 11:56:05 KST 2019 - Auto detecting connection mode and transfer mode...
Thu Aug 08 11:56:05 KST 2019 - ************ NetDiag:clientDetails: Version: Enterprise v3.7.3  Build 25 (07/11/2019 1120)
Thu Aug 08 11:56:05 KST 2019 - ************ NetDiag:clientDetails: Version: Enterprise v3.7.3  Build 25 (07/11/2019 1120)
Thu Aug 08 11:56:05 KST 2019 - ************ NetDiag:clientDetails: OS: Windows 10 10.0 amd64
Thu Aug 08 11:56:05 KST 2019 - ************ NetDiag:clientDetails: OS: Windows 10 10.0 amd64
Thu Aug 08 11:56:05 KST 2019 - ************ NetDiag:clientDetails: Java: 1.8.0_211
Thu Aug 08 11:56:05 KST 2019 - ************ NetDiag:clientDetails: Java: 1.8.0_211
Thu Aug 08 11:56:05 KST 2019 - 221 Goodbye.
Thu Aug 08 11:56:19 KST 2019 - java.util.logging.config.file = null
Thu Aug 08 11:56:19 KST 2019 - FileCatalyst API Enterprise v3.7.3  Build 25 (07/11/2019 1120)
Thu Aug 08 11:56:19 KST 2019 - 220 FileCatalyst Server Enterprise v3.7.3  Build 18 (04/15/2019 1039)
Thu Aug 08 11:56:19 KST 2019 - Setting Verify Mode To: VERIFY_AFTER
Thu Aug 08 11:56:19 KST 2019 - USER ichthys
Thu Aug 08 11:56:19 KST 2019 - 331 Please specify the password.
Thu Aug 08 11:56:19 KST 2019 - PASS *******
Thu Aug 08 11:56:19 KST 2019 - 230 Login successful.
Thu Aug 08 11:56:19 KST 2019 - server session ID matched 1565232979823-7-null
Thu Aug 08 11:56:19 KST 2019 - SETUP 3.7.3 7 false 9 ""
Thu Aug 08 11:56:20 KST 2019 - 211 30720000 32768 12 1000000 6 0 128 0 1 5242880
Thu Aug 08 11:56:20 KST 2019 - PWD
Thu Aug 08 11:56:20 KST 2019 - 257 "/"
Thu Aug 08 11:56:20 KST 2019 - PASV
Thu Aug 08 11:56:20 KST 2019 - 227 Entering Passive Mode (15,164,166,2,33,6)
Thu Aug 08 11:56:20 KST 2019 - LIST
Thu Aug 08 11:56:20 KST 2019 - 150 Here comes the directory listing.
Thu Aug 08 11:56:20 KST 2019 - 226 Transfer Complete.
Thu Aug 08 11:56:20 KST 2019 - QUIT
Thu Aug 08 11:56:20 KST 2019 - Auto detecting connection mode and transfer mode...
Thu Aug 08 11:56:20 KST 2019 - Auto detecting connection mode and transfer mode...
Thu Aug 08 11:56:20 KST 2019 - ************ NetDiag:clientDetails: Version: Enterprise v3.7.3  Build 25 (07/11/2019 1120)
Thu Aug 08 11:56:20 KST 2019 - ************ NetDiag:clientDetails: Version: Enterprise v3.7.3  Build 25 (07/11/2019 1120)
Thu Aug 08 11:56:20 KST 2019 - ************ NetDiag:clientDetails: OS: Windows 10 10.0 amd64
Thu Aug 08 11:56:20 KST 2019 - ************ NetDiag:clientDetails: OS: Windows 10 10.0 amd64
Thu Aug 08 11:56:20 KST 2019 - ************ NetDiag:clientDetails: Java: 1.8.0_211
Thu Aug 08 11:56:20 KST 2019 - ************ NetDiag:clientDetails: Java: 1.8.0_211
Thu Aug 08 11:56:20 KST 2019 - 221 Goodbye.
Thu Aug 08 12:00:00 KST 2019 - java.util.logging.config.file = null
Thu Aug 08 12:00:00 KST 2019 - FileCatalyst API Enterprise v3.7.3  Build 25 (07/11/2019 1120)
Thu Aug 08 12:00:00 KST 2019 - 220 FileCatalyst Server Enterprise v3.7.3  Build 18 (04/15/2019 1039)
Thu Aug 08 12:00:00 KST 2019 - Setting Verify Mode To: VERIFY_AFTER
Thu Aug 08 12:00:00 KST 2019 - USER ichthys
Thu Aug 08 12:00:00 KST 2019 - 331 Please specify the password.
Thu Aug 08 12:00:00 KST 2019 - PASS *******
Thu Aug 08 12:00:00 KST 2019 - 230 Login successful.
Thu Aug 08 12:00:00 KST 2019 - SYST
Thu Aug 08 12:00:00 KST 2019 - 215 FileCatalyst - UNIX Type: L8
Thu Aug 08 12:00:01 KST 2019 - server session ID matched 1565233200662-1-null
Thu Aug 08 12:00:01 KST 2019 - SETUP 3.7.3 7 false 9 ""
Thu Aug 08 12:00:01 KST 2019 - 211 30720000 32768 12 1000000 6 0 128 0 1 5242880
Thu Aug 08 12:00:01 KST 2019 - PWD
Thu Aug 08 12:00:01 KST 2019 - 257 "/"
Thu Aug 08 12:00:01 KST 2019 - PASV
Thu Aug 08 12:00:01 KST 2019 - 227 Entering Passive Mode (15,164,166,2,33,11)
Thu Aug 08 12:00:01 KST 2019 - LIST
Thu Aug 08 12:00:01 KST 2019 - 150 Here comes the directory listing.
Thu Aug 08 12:00:01 KST 2019 - 226 Transfer Complete.
Thu Aug 08 12:00:01 KST 2019 - QUIT
Thu Aug 08 12:00:01 KST 2019 - Auto detecting connection mode and transfer mode...
Thu Aug 08 12:00:01 KST 2019 - ************ NetDiag:clientDetails: Version: Enterprise v3.7.3  Build 25 (07/11/2019 1120)
Thu Aug 08 12:00:01 KST 2019 - ************ NetDiag:clientDetails: OS: Windows 10 10.0 amd64
Thu Aug 08 12:00:01 KST 2019 - ************ NetDiag:clientDetails: Java: 1.8.0_211
Thu Aug 08 12:00:01 KST 2019 - Auto detecting connection mode and transfer mode...
Thu Aug 08 12:00:01 KST 2019 - ************ NetDiag:clientDetails: Version: Enterprise v3.7.3  Build 25 (07/11/2019 1120)
Thu Aug 08 12:00:01 KST 2019 - ************ NetDiag:clientDetails: OS: Windows 10 10.0 amd64
Thu Aug 08 12:00:01 KST 2019 - ************ NetDiag:clientDetails: Java: 1.8.0_211
Thu Aug 08 12:00:01 KST 2019 - 221 Goodbye.
Thu Aug 08 12:00:34 KST 2019 - java.util.logging.config.file = null
Thu Aug 08 12:00:34 KST 2019 - FileCatalyst API Enterprise v3.7.3  Build 25 (07/11/2019 1120)
Thu Aug 08 12:00:35 KST 2019 - 220 FileCatalyst Server Enterprise v3.7.3  Build 18 (04/15/2019 1039)
Thu Aug 08 12:00:35 KST 2019 - Setting Verify Mode To: VERIFY_AFTER
Thu Aug 08 12:00:35 KST 2019 - USER ichthys
Thu Aug 08 12:00:35 KST 2019 - 331 Please specify the password.
Thu Aug 08 12:00:35 KST 2019 - PASS *******
Thu Aug 08 12:00:35 KST 2019 - 230 Login successful.
Thu Aug 08 12:00:35 KST 2019 - SYST
Thu Aug 08 12:00:35 KST 2019 - 215 FileCatalyst - UNIX Type: L8
Thu Aug 08 12:00:35 KST 2019 - server session ID matched 1565233235349-1-null
Thu Aug 08 12:00:35 KST 2019 - SETUP 3.7.3 7 false 9 ""
Thu Aug 08 12:00:35 KST 2019 - 211 30720000 32768 12 1000000 6 0 128 0 1 5242880
Thu Aug 08 12:00:35 KST 2019 - PWD
Thu Aug 08 12:00:35 KST 2019 - 257 "/"
Thu Aug 08 12:00:35 KST 2019 - PASV
Thu Aug 08 12:00:35 KST 2019 - 227 Entering Passive Mode (15,164,166,2,33,14)
Thu Aug 08 12:00:35 KST 2019 - LIST
Thu Aug 08 12:00:36 KST 2019 - 150 Here comes the directory listing.
Thu Aug 08 12:00:36 KST 2019 - 226 Transfer Complete.
Thu Aug 08 12:00:36 KST 2019 - QUIT
Thu Aug 08 12:00:36 KST 2019 - Auto detecting connection mode and transfer mode...
Thu Aug 08 12:00:36 KST 2019 - ************ NetDiag:clientDetails: Version: Enterprise v3.7.3  Build 25 (07/11/2019 1120)
Thu Aug 08 12:00:36 KST 2019 - ************ NetDiag:clientDetails: OS: Windows 10 10.0 amd64
Thu Aug 08 12:00:36 KST 2019 - ************ NetDiag:clientDetails: Java: 1.8.0_211
Thu Aug 08 12:00:36 KST 2019 - Auto detecting connection mode and transfer mode...
Thu Aug 08 12:00:36 KST 2019 - ************ NetDiag:clientDetails: Version: Enterprise v3.7.3  Build 25 (07/11/2019 1120)
Thu Aug 08 12:00:36 KST 2019 - ************ NetDiag:clientDetails: OS: Windows 10 10.0 amd64
Thu Aug 08 12:00:36 KST 2019 - ************ NetDiag:clientDetails: Java: 1.8.0_211
Thu Aug 08 12:00:36 KST 2019 - 221 Goodbye.
Thu Aug 08 12:05:26 KST 2019 - java.util.logging.config.file = null
Thu Aug 08 12:05:26 KST 2019 - FileCatalyst API Enterprise v3.7.3  Build 25 (07/11/2019 1120)
Thu Aug 08 12:05:26 KST 2019 - 220 FileCatalyst Server Enterprise v3.7.3  Build 18 (04/15/2019 1039)
Thu Aug 08 12:05:26 KST 2019 - Setting Verify Mode To: VERIFY_AFTER
Thu Aug 08 12:05:26 KST 2019 - USER ichthys
Thu Aug 08 12:05:26 KST 2019 - 331 Please specify the password.
Thu Aug 08 12:05:26 KST 2019 - PASS *******
Thu Aug 08 12:05:26 KST 2019 - 230 Login successful.
Thu Aug 08 12:05:26 KST 2019 - SYST
Thu Aug 08 12:05:26 KST 2019 - 215 FileCatalyst - UNIX Type: L8
Thu Aug 08 12:05:26 KST 2019 - server session ID matched 1565233526205-1-null
Thu Aug 08 12:05:26 KST 2019 - SETUP 3.7.3 7 false 9 ""
Thu Aug 08 12:05:26 KST 2019 - 211 30720000 32768 12 1000000 6 0 128 0 1 5242880
Thu Aug 08 12:05:26 KST 2019 - NOOP
Thu Aug 08 12:05:26 KST 2019 - 200 NOOP ok.
Thu Aug 08 12:05:26 KST 2019 - NOOP
Thu Aug 08 12:05:26 KST 2019 - 200 NOOP ok.
Thu Aug 08 12:05:26 KST 2019 - NOOP
Thu Aug 08 12:05:26 KST 2019 - 200 NOOP ok.
Thu Aug 08 12:05:26 KST 2019 - PWD
Thu Aug 08 12:05:26 KST 2019 - 257 "/"
Thu Aug 08 12:05:26 KST 2019 - PASV
Thu Aug 08 12:05:26 KST 2019 - 227 Entering Passive Mode (15,164,166,2,33,19)
Thu Aug 08 12:05:26 KST 2019 - LIST
Thu Aug 08 12:05:26 KST 2019 - 150 Here comes the directory listing.
Thu Aug 08 12:05:27 KST 2019 - 226 Transfer Complete.
Thu Aug 08 12:05:27 KST 2019 - QUIT
Thu Aug 08 12:05:27 KST 2019 - Auto detecting connection mode and transfer mode...
Thu Aug 08 12:05:27 KST 2019 - Auto detecting connection mode and transfer mode...
Thu Aug 08 12:05:27 KST 2019 - ************ NetDiag:clientDetails: Version: Enterprise v3.7.3  Build 25 (07/11/2019 1120)
Thu Aug 08 12:05:27 KST 2019 - ************ NetDiag:clientDetails: Version: Enterprise v3.7.3  Build 25 (07/11/2019 1120)
Thu Aug 08 12:05:27 KST 2019 - ************ NetDiag:clientDetails: OS: Windows 10 10.0 amd64
Thu Aug 08 12:05:27 KST 2019 - ************ NetDiag:clientDetails: OS: Windows 10 10.0 amd64
Thu Aug 08 12:05:27 KST 2019 - ************ NetDiag:clientDetails: Java: 1.8.0_211
Thu Aug 08 12:05:27 KST 2019 - ************ NetDiag:clientDetails: Java: 1.8.0_211
Thu Aug 08 12:05:27 KST 2019 - 221 Goodbye.
Thu Aug 08 12:05:54 KST 2019 - java.util.logging.config.file = null
Thu Aug 08 12:05:54 KST 2019 - FileCatalyst API Enterprise v3.7.3  Build 25 (07/11/2019 1120)
Thu Aug 08 12:05:55 KST 2019 - 220 FileCatalyst Server Enterprise v3.7.3  Build 18 (04/15/2019 1039)
Thu Aug 08 12:05:55 KST 2019 - Setting Verify Mode To: VERIFY_AFTER
Thu Aug 08 12:05:55 KST 2019 - USER ichthys
Thu Aug 08 12:05:55 KST 2019 - 331 Please specify the password.
Thu Aug 08 12:05:55 KST 2019 - PASS *******
Thu Aug 08 12:05:55 KST 2019 - 230 Login successful.
Thu Aug 08 12:05:55 KST 2019 - SYST
Thu Aug 08 12:05:55 KST 2019 - 215 FileCatalyst - UNIX Type: L8
Thu Aug 08 12:05:55 KST 2019 - server session ID matched 1565233555261-1-null
Thu Aug 08 12:05:55 KST 2019 - SETUP 3.7.3 7 false 9 ""
Thu Aug 08 12:05:55 KST 2019 - 211 30720000 32768 12 1000000 6 0 128 0 1 5242880
Thu Aug 08 12:05:55 KST 2019 - NOOP
Thu Aug 08 12:05:55 KST 2019 - 200 NOOP ok.
Thu Aug 08 12:05:55 KST 2019 - NOOP
Thu Aug 08 12:05:55 KST 2019 - 200 NOOP ok.
Thu Aug 08 12:05:55 KST 2019 - NOOP
Thu Aug 08 12:05:55 KST 2019 - 200 NOOP ok.
Thu Aug 08 12:05:55 KST 2019 - PWD
Thu Aug 08 12:05:55 KST 2019 - 257 "/"
Thu Aug 08 12:05:55 KST 2019 - PASV
Thu Aug 08 12:05:55 KST 2019 - 227 Entering Passive Mode (15,164,166,2,33,22)
Thu Aug 08 12:05:55 KST 2019 - LIST
Thu Aug 08 12:05:56 KST 2019 - 150 Here comes the directory listing.
Thu Aug 08 12:05:56 KST 2019 - 226 Transfer Complete.
Thu Aug 08 12:05:56 KST 2019 - QUIT
Thu Aug 08 12:05:56 KST 2019 - Auto detecting connection mode and transfer mode...
Thu Aug 08 12:05:56 KST 2019 - Auto detecting connection mode and transfer mode...
Thu Aug 08 12:05:56 KST 2019 - ************ NetDiag:clientDetails: Version: Enterprise v3.7.3  Build 25 (07/11/2019 1120)
Thu Aug 08 12:05:56 KST 2019 - ************ NetDiag:clientDetails: Version: Enterprise v3.7.3  Build 25 (07/11/2019 1120)
Thu Aug 08 12:05:56 KST 2019 - ************ NetDiag:clientDetails: OS: Windows 10 10.0 amd64
Thu Aug 08 12:05:56 KST 2019 - ************ NetDiag:clientDetails: OS: Windows 10 10.0 amd64
Thu Aug 08 12:05:56 KST 2019 - ************ NetDiag:clientDetails: Java: 1.8.0_211
Thu Aug 08 12:05:56 KST 2019 - ************ NetDiag:clientDetails: Java: 1.8.0_211
Thu Aug 08 12:05:56 KST 2019 - 221 Goodbye.
Thu Aug 08 12:10:09 KST 2019 - java.util.logging.config.file = null
Thu Aug 08 12:10:09 KST 2019 - java.util.logging.config.file = null
Thu Aug 08 12:10:09 KST 2019 - FileCatalyst API Enterprise v3.7.3  Build 25 (07/11/2019 1120)
Thu Aug 08 12:10:09 KST 2019 - FileCatalyst API Enterprise v3.7.3  Build 25 (07/11/2019 1120)
Thu Aug 08 12:10:09 KST 2019 - 220 FileCatalyst Server Enterprise v3.7.3  Build 18 (04/15/2019 1039)
Thu Aug 08 12:10:09 KST 2019 - Setting Verify Mode To: VERIFY_AFTER
Thu Aug 08 12:10:09 KST 2019 - USER ichthys
Thu Aug 08 12:10:09 KST 2019 - 220 FileCatalyst Server Enterprise v3.7.3  Build 18 (04/15/2019 1039)
Thu Aug 08 12:10:09 KST 2019 - Setting Verify Mode To: VERIFY_AFTER
Thu Aug 08 12:10:09 KST 2019 - USER ichthys
Thu Aug 08 12:10:09 KST 2019 - 331 Please specify the password.
Thu Aug 08 12:10:09 KST 2019 - 331 Please specify the password.
Thu Aug 08 12:10:09 KST 2019 - PASS *******
Thu Aug 08 12:10:09 KST 2019 - PASS *******
Thu Aug 08 12:10:09 KST 2019 - 230 Login successful.
Thu Aug 08 12:10:09 KST 2019 - 230 Login successful.
Thu Aug 08 12:10:09 KST 2019 - SYST
Thu Aug 08 12:10:09 KST 2019 - 215 FileCatalyst - UNIX Type: L8
Thu Aug 08 12:10:09 KST 2019 - server session ID matched 1565233809230-1-null
Thu Aug 08 12:10:09 KST 2019 - SETUP 3.7.3 7 false 9 ""
Thu Aug 08 12:10:09 KST 2019 - server session ID matched 1565233809263-2-null
Thu Aug 08 12:10:09 KST 2019 - SETUP 3.7.3 7 false 9 ""
Thu Aug 08 12:10:09 KST 2019 - 211 30720000 32768 12 1000000 6 0 128 0 1 5242880
Thu Aug 08 12:10:09 KST 2019 - 211 30720000 32768 12 1000000 6 0 128 0 1 5242880
Thu Aug 08 12:10:09 KST 2019 - PWD
Thu Aug 08 12:10:09 KST 2019 - PWD
Thu Aug 08 12:10:09 KST 2019 - 257 "/"
Thu Aug 08 12:10:09 KST 2019 - 257 "/"
Thu Aug 08 12:10:09 KST 2019 - PASV
Thu Aug 08 12:10:09 KST 2019 - PASV
Thu Aug 08 12:10:09 KST 2019 - 227 Entering Passive Mode (15,164,166,2,33,25)
Thu Aug 08 12:10:09 KST 2019 - 227 Entering Passive Mode (15,164,166,2,33,26)
Thu Aug 08 12:10:09 KST 2019 - LIST
Thu Aug 08 12:10:09 KST 2019 - LIST
Thu Aug 08 12:10:10 KST 2019 - 150 Here comes the directory listing.
Thu Aug 08 12:10:10 KST 2019 - 150 Here comes the directory listing.
Thu Aug 08 12:10:10 KST 2019 - 226 Transfer Complete.
Thu Aug 08 12:10:10 KST 2019 - Auto detecting connection mode and transfer mode...
Thu Aug 08 12:10:10 KST 2019 - ************ NetDiag:clientDetails: Version: Enterprise v3.7.3  Build 25 (07/11/2019 1120)
Thu Aug 08 12:10:10 KST 2019 - ************ NetDiag:clientDetails: OS: Windows 10 10.0 amd64
Thu Aug 08 12:10:10 KST 2019 - ************ NetDiag:clientDetails: Java: 1.8.0_211
Thu Aug 08 12:10:10 KST 2019 - 226 Transfer Complete.
Thu Aug 08 12:10:10 KST 2019 - Auto detecting connection mode and transfer mode...
Thu Aug 08 12:10:10 KST 2019 - ************ NetDiag:clientDetails: Version: Enterprise v3.7.3  Build 25 (07/11/2019 1120)
Thu Aug 08 12:10:10 KST 2019 - ************ NetDiag:clientDetails: OS: Windows 10 10.0 amd64
Thu Aug 08 12:10:10 KST 2019 - ************ NetDiag:clientDetails: Java: 1.8.0_211
Thu Aug 08 12:10:10 KST 2019 - 220 FileCatalyst Server Enterprise v3.7.3  Build 18 (04/15/2019 1039)
Thu Aug 08 12:10:10 KST 2019 - USER ichthys
Thu Aug 08 12:10:10 KST 2019 - 331 Please specify the password.
Thu Aug 08 12:10:10 KST 2019 - 220 FileCatalyst Server Enterprise v3.7.3  Build 18 (04/15/2019 1039)
Thu Aug 08 12:10:10 KST 2019 - PASS *******
Thu Aug 08 12:10:10 KST 2019 - USER ichthys
Thu Aug 08 12:10:10 KST 2019 - 331 Please specify the password.
Thu Aug 08 12:10:10 KST 2019 - PASS *******
Thu Aug 08 12:10:10 KST 2019 - 230 Login successful.
Thu Aug 08 12:10:10 KST 2019 - server session ID matched 1565233810216-3-NULL
Thu Aug 08 12:10:10 KST 2019 - 230 Login successful.
Thu Aug 08 12:10:10 KST 2019 - SETUP 3.7.3 7 false 9 ""
Thu Aug 08 12:10:10 KST 2019 - server session ID matched 1565233810268-4-NULL
Thu Aug 08 12:10:10 KST 2019 - SETUP 3.7.3 7 false 9 ""
Thu Aug 08 12:10:10 KST 2019 - 211 30720000 32768 12 1000000 6 0 128 0 1 5242880
Thu Aug 08 12:10:10 KST 2019 - NOOP
Thu Aug 08 12:10:10 KST 2019 - 200 NOOP ok.
Thu Aug 08 12:10:10 KST 2019 - NOOP
Thu Aug 08 12:10:10 KST 2019 - 211 30720000 32768 12 1000000 6 0 128 0 1 5242880
Thu Aug 08 12:10:10 KST 2019 - NOOP
Thu Aug 08 12:10:10 KST 2019 - 200 NOOP ok.
Thu Aug 08 12:10:10 KST 2019 - 200 NOOP ok.
Thu Aug 08 12:10:10 KST 2019 - NOOP
Thu Aug 08 12:10:10 KST 2019 - NOOP
Thu Aug 08 12:10:10 KST 2019 - 200 NOOP ok.
Thu Aug 08 12:10:10 KST 2019 - NOOP
Thu Aug 08 12:10:10 KST 2019 - 200 NOOP ok.
Thu Aug 08 12:10:10 KST 2019 - 200 NOOP ok.
Thu Aug 08 12:10:10 KST 2019 - ************ NetDiag:fcversionChecker: ServerVersion: v3.7.3
Thu Aug 08 12:10:10 KST 2019 - PLATF
Thu Aug 08 12:10:10 KST 2019 - ************ NetDiag:fcversionChecker: ServerVersion: v3.7.3
Thu Aug 08 12:10:10 KST 2019 - PLATF
Thu Aug 08 12:10:10 KST 2019 - 200 Linux 3.10.0-957.1.3.el7.x86_64 amd64
Thu Aug 08 12:10:10 KST 2019 - ************ NetworkDiag:getFCServerOS: genuine FileCatalyst Server OS_STATUS is set to:Linux 3.10.0-957.1.3.el7.x86_64 amd64
Thu Aug 08 12:10:10 KST 2019 - ************ NetDiag:fcversionChecker: ServerVersion: v3.7.3
Thu Aug 08 12:10:10 KST 2019 - ************ NetworkDiag:getFCServerOS: genuine FileCatalyst Server AGENT_ID is set to:baf2edae684bca4b
Thu Aug 08 12:10:10 KST 2019 - TCP control channel works, detecting data transfer mode
Thu Aug 08 12:10:10 KST 2019 - TUDP 32 20 0
Thu Aug 08 12:10:10 KST 2019 - 200 Linux 3.10.0-957.1.3.el7.x86_64 amd64
Thu Aug 08 12:10:10 KST 2019 - 150 8475
Thu Aug 08 12:10:10 KST 2019 - ************ NetworkDiag:getFCServerOS: genuine FileCatalyst Server OS_STATUS is set to:Linux 3.10.0-957.1.3.el7.x86_64 amd64
Thu Aug 08 12:10:10 KST 2019 - ************ NetDiag:fcversionChecker: ServerVersion: v3.7.3
Thu Aug 08 12:10:10 KST 2019 - ************ NetworkDiag:getFCServerOS: genuine FileCatalyst Server AGENT_ID is set to:baf2edae684bca4b
Thu Aug 08 12:10:10 KST 2019 - TCP control channel works, detecting data transfer mode
Thu Aug 08 12:10:10 KST 2019 - TUDP 32 20 0
Thu Aug 08 12:10:10 KST 2019 - 150 8476
Thu Aug 08 12:10:10 KST 2019 - UDP data connection succeeded
Thu Aug 08 12:10:10 KST 2019 - QUIT
Thu Aug 08 12:10:10 KST 2019 - UDP data connection succeeded
Thu Aug 08 12:10:10 KST 2019 - 221 Goodbye.
Thu Aug 08 12:10:10 KST 2019 - QUIT
Thu Aug 08 12:10:11 KST 2019 - Transfer mode: UDP
Thu Aug 08 12:10:11 KST 2019 - Uploading 3.exe (1 of 1)
Thu Aug 08 12:10:11 KST 2019 - SIZE 3.exe
Thu Aug 08 12:10:11 KST 2019 - 221 Goodbye.
Thu Aug 08 12:10:11 KST 2019 - Transfer mode: UDP
Thu Aug 08 12:10:11 KST 2019 - Uploading 2.exe (1 of 1)
Thu Aug 08 12:10:11 KST 2019 - Checking if file can be resumed...
Thu Aug 08 12:10:11 KST 2019 - MD5 "2.exe" 0 5242880
Thu Aug 08 12:10:11 KST 2019 - 213 166331880
Thu Aug 08 12:10:11 KST 2019 - Detecting if UDP ack mode possible...
Thu Aug 08 12:10:11 KST 2019 - RUDP 5 8 10 0
Thu Aug 08 12:10:11 KST 2019 - 150 8477
Thu Aug 08 12:10:11 KST 2019 - UDP ack mode possible
Thu Aug 08 12:10:11 KST 2019 - INIFC --> INIFC 5 5242880 1006 166331880 0 1 -391420719 4 0 4 0 1 10 1 1 1 0 0 5
Thu Aug 08 12:10:11 KST 2019 - Global byte buffer pool is enabled
Thu Aug 08 12:10:11 KST 2019 - INIFC 5 5242880 1006 166331880 0 1 -391420719 4 0 4 0 1 10 1 1 1 0 0 5
Thu Aug 08 12:10:11 KST 2019 - 200 FileCatalyst transfer initialized.
Thu Aug 08 12:10:11 KST 2019 - STOR "3.exe" -391420719
Thu Aug 08 12:10:11 KST 2019 - 125 8478
Thu Aug 08 12:10:11 KST 2019 - 213 A53D77F312FDCAAFD5FBE39EE5181400
Thu Aug 08 12:10:11 KST 2019 - File can be resumed, starting at offset 5242880
Thu Aug 08 12:10:11 KST 2019 - INIFC --> INIFC 5 5242880 1006 161089000 0 1 1171444228 4 0 4 0 1 10 1 1 1 0 0 5
Thu Aug 08 12:10:11 KST 2019 - INIFC 5 5242880 1006 161089000 0 1 1171444228 4 0 4 0 1 10 1 1 1 0 0 5
Thu Aug 08 12:10:11 KST 2019 - 200 FileCatalyst transfer initialized.
Thu Aug 08 12:10:11 KST 2019 - APPE "2.exe" 1171444228
Thu Aug 08 12:10:11 KST 2019 - 125 8479
Thu Aug 08 14:36:59 KST 2019 - java.util.logging.config.file = null
Thu Aug 08 14:36:59 KST 2019 - java.util.logging.config.file = null
Thu Aug 08 14:36:59 KST 2019 - FileCatalyst API Enterprise v3.7.3  Build 25 (07/11/2019 1120)
Thu Aug 08 14:36:59 KST 2019 - FileCatalyst API Enterprise v3.7.3  Build 25 (07/11/2019 1120)
Thu Aug 08 14:36:59 KST 2019 - 220 FileCatalyst Server Enterprise v3.7.3  Build 18 (04/15/2019 1039)
Thu Aug 08 14:36:59 KST 2019 - 220 FileCatalyst Server Enterprise v3.7.3  Build 18 (04/15/2019 1039)
Thu Aug 08 14:36:59 KST 2019 - Setting Verify Mode To: VERIFY_AFTER
Thu Aug 08 14:36:59 KST 2019 - Setting Verify Mode To: VERIFY_AFTER
Thu Aug 08 14:36:59 KST 2019 - USER ichthys
Thu Aug 08 14:36:59 KST 2019 - USER ichthys
Thu Aug 08 14:36:59 KST 2019 - 331 Please specify the password.
Thu Aug 08 14:36:59 KST 2019 - 331 Please specify the password.
Thu Aug 08 14:36:59 KST 2019 - PASS *******
Thu Aug 08 14:36:59 KST 2019 - PASS *******
Thu Aug 08 14:36:59 KST 2019 - 230 Login successful.
Thu Aug 08 14:36:59 KST 2019 - 230 Login successful.
Thu Aug 08 14:36:59 KST 2019 - SYST
Thu Aug 08 14:36:59 KST 2019 - 215 FileCatalyst - UNIX Type: L8
Thu Aug 08 14:37:00 KST 2019 - server session ID matched 1565242619811-2-null
Thu Aug 08 14:37:00 KST 2019 - server session ID matched 1565242619809-1-null
Thu Aug 08 14:37:00 KST 2019 - SETUP 3.7.3 7 false 9 ""
Thu Aug 08 14:37:00 KST 2019 - SETUP 3.7.3 7 false 9 ""
Thu Aug 08 14:37:00 KST 2019 - 211 30720000 32768 12 1000000 6 0 128 0 1 5242880
Thu Aug 08 14:37:00 KST 2019 - NOOP
Thu Aug 08 14:37:00 KST 2019 - 211 30720000 32768 12 1000000 6 0 128 0 1 5242880
Thu Aug 08 14:37:00 KST 2019 - NOOP
Thu Aug 08 14:37:00 KST 2019 - 200 NOOP ok.
Thu Aug 08 14:37:00 KST 2019 - 200 NOOP ok.
Thu Aug 08 14:37:00 KST 2019 - NOOP
Thu Aug 08 14:37:00 KST 2019 - NOOP
Thu Aug 08 14:37:00 KST 2019 - 200 NOOP ok.
Thu Aug 08 14:37:00 KST 2019 - 200 NOOP ok.
Thu Aug 08 14:37:00 KST 2019 - NOOP
Thu Aug 08 14:37:00 KST 2019 - NOOP
Thu Aug 08 14:37:00 KST 2019 - 200 NOOP ok.
Thu Aug 08 14:37:00 KST 2019 - 200 NOOP ok.
Thu Aug 08 14:37:00 KST 2019 - PWD
Thu Aug 08 14:37:00 KST 2019 - PWD
Thu Aug 08 14:37:00 KST 2019 - 257 "/"
Thu Aug 08 14:37:00 KST 2019 - PASV
Thu Aug 08 14:37:00 KST 2019 - 257 "/"
Thu Aug 08 14:37:00 KST 2019 - PASV
Thu Aug 08 14:37:00 KST 2019 - 227 Entering Passive Mode (15,164,166,2,33,32)
Thu Aug 08 14:37:00 KST 2019 - 227 Entering Passive Mode (15,164,166,2,33,33)
Thu Aug 08 14:37:00 KST 2019 - LIST
Thu Aug 08 14:37:00 KST 2019 - LIST
Thu Aug 08 14:37:00 KST 2019 - 150 Here comes the directory listing.
Thu Aug 08 14:37:00 KST 2019 - 150 Here comes the directory listing.
Thu Aug 08 14:37:00 KST 2019 - 226 Transfer Complete.
Thu Aug 08 14:37:00 KST 2019 - Auto detecting connection mode and transfer mode...
Thu Aug 08 14:37:00 KST 2019 - ************ NetDiag:clientDetails: Version: Enterprise v3.7.3  Build 25 (07/11/2019 1120)
Thu Aug 08 14:37:00 KST 2019 - ************ NetDiag:clientDetails: OS: Windows 10 10.0 amd64
Thu Aug 08 14:37:00 KST 2019 - ************ NetDiag:clientDetails: Java: 1.8.0_211
Thu Aug 08 14:37:00 KST 2019 - 226 Transfer Complete.
Thu Aug 08 14:37:00 KST 2019 - Auto detecting connection mode and transfer mode...
Thu Aug 08 14:37:00 KST 2019 - ************ NetDiag:clientDetails: Version: Enterprise v3.7.3  Build 25 (07/11/2019 1120)
Thu Aug 08 14:37:00 KST 2019 - ************ NetDiag:clientDetails: OS: Windows 10 10.0 amd64
Thu Aug 08 14:37:00 KST 2019 - ************ NetDiag:clientDetails: Java: 1.8.0_211
Thu Aug 08 14:37:00 KST 2019 - 220 FileCatalyst Server Enterprise v3.7.3  Build 18 (04/15/2019 1039)
Thu Aug 08 14:37:00 KST 2019 - 220 FileCatalyst Server Enterprise v3.7.3  Build 18 (04/15/2019 1039)
Thu Aug 08 14:37:00 KST 2019 - USER ichthys
Thu Aug 08 14:37:00 KST 2019 - USER ichthys
Thu Aug 08 14:37:00 KST 2019 - 331 Please specify the password.
Thu Aug 08 14:37:00 KST 2019 - PASS *******
Thu Aug 08 14:37:00 KST 2019 - 331 Please specify the password.
Thu Aug 08 14:37:00 KST 2019 - PASS *******
Thu Aug 08 14:37:00 KST 2019 - 230 Login successful.
Thu Aug 08 14:37:00 KST 2019 - 230 Login successful.
Thu Aug 08 14:37:00 KST 2019 - server session ID matched 1565242620727-3-NULL
Thu Aug 08 14:37:00 KST 2019 - SETUP 3.7.3 7 false 9 ""
Thu Aug 08 14:37:00 KST 2019 - server session ID matched 1565242620728-4-NULL
Thu Aug 08 14:37:00 KST 2019 - SETUP 3.7.3 7 false 9 ""
Thu Aug 08 14:37:00 KST 2019 - 211 30720000 32768 12 1000000 6 0 128 0 1 5242880
Thu Aug 08 14:37:00 KST 2019 - 211 30720000 32768 12 1000000 6 0 128 0 1 5242880
Thu Aug 08 14:37:00 KST 2019 - NOOP
Thu Aug 08 14:37:00 KST 2019 - NOOP
Thu Aug 08 14:37:00 KST 2019 - 200 NOOP ok.
Thu Aug 08 14:37:00 KST 2019 - 200 NOOP ok.
Thu Aug 08 14:37:00 KST 2019 - NOOP
Thu Aug 08 14:37:00 KST 2019 - NOOP
Thu Aug 08 14:37:01 KST 2019 - 200 NOOP ok.
Thu Aug 08 14:37:01 KST 2019 - NOOP
Thu Aug 08 14:37:01 KST 2019 - 200 NOOP ok.
Thu Aug 08 14:37:01 KST 2019 - NOOP
Thu Aug 08 14:37:01 KST 2019 - 200 NOOP ok.
Thu Aug 08 14:37:01 KST 2019 - 200 NOOP ok.
Thu Aug 08 14:37:01 KST 2019 - ************ NetDiag:fcversionChecker: ServerVersion: v3.7.3
Thu Aug 08 14:37:01 KST 2019 - ************ NetDiag:fcversionChecker: ServerVersion: v3.7.3
Thu Aug 08 14:37:01 KST 2019 - PLATF
Thu Aug 08 14:37:01 KST 2019 - PLATF
Thu Aug 08 14:37:01 KST 2019 - 200 Linux 3.10.0-957.1.3.el7.x86_64 amd64
Thu Aug 08 14:37:01 KST 2019 - ************ NetworkDiag:getFCServerOS: genuine FileCatalyst Server OS_STATUS is set to:Linux 3.10.0-957.1.3.el7.x86_64 amd64
Thu Aug 08 14:37:01 KST 2019 - ************ NetDiag:fcversionChecker: ServerVersion: v3.7.3
Thu Aug 08 14:37:01 KST 2019 - ************ NetworkDiag:getFCServerOS: genuine FileCatalyst Server AGENT_ID is set to:baf2edae684bca4b
Thu Aug 08 14:37:01 KST 2019 - TCP control channel works, detecting data transfer mode
Thu Aug 08 14:37:01 KST 2019 - 200 Linux 3.10.0-957.1.3.el7.x86_64 amd64
Thu Aug 08 14:37:01 KST 2019 - ************ NetworkDiag:getFCServerOS: genuine FileCatalyst Server OS_STATUS is set to:Linux 3.10.0-957.1.3.el7.x86_64 amd64
Thu Aug 08 14:37:01 KST 2019 - ************ NetDiag:fcversionChecker: ServerVersion: v3.7.3
Thu Aug 08 14:37:01 KST 2019 - ************ NetworkDiag:getFCServerOS: genuine FileCatalyst Server AGENT_ID is set to:baf2edae684bca4b
Thu Aug 08 14:37:01 KST 2019 - TCP control channel works, detecting data transfer mode
Thu Aug 08 14:37:01 KST 2019 - TUDP 32 20 0
Thu Aug 08 14:37:01 KST 2019 - TUDP 32 20 0
Thu Aug 08 14:37:01 KST 2019 - 150 8482
Thu Aug 08 14:37:01 KST 2019 - 150 8483
Thu Aug 08 14:37:01 KST 2019 - UDP data connection succeeded
Thu Aug 08 14:37:01 KST 2019 - QUIT
Thu Aug 08 14:37:01 KST 2019 - UDP data connection succeeded
Thu Aug 08 14:37:01 KST 2019 - QUIT
Thu Aug 08 14:37:01 KST 2019 - 221 Goodbye.
Thu Aug 08 14:37:01 KST 2019 - 221 Goodbye.
Thu Aug 08 14:37:03 KST 2019 - Transfer mode: UDP
Thu Aug 08 14:37:03 KST 2019 - Uploading 3.exe (1 of 1)
Thu Aug 08 14:37:03 KST 2019 - Checking if file can be resumed...
Thu Aug 08 14:37:03 KST 2019 - MD5 "3.exe" 37191680 20480000
Thu Aug 08 14:37:05 KST 2019 - 213 D5A7DAFF155547953FCC1D450D254394
Thu Aug 08 14:37:05 KST 2019 - File can be resumed, starting at offset 57671680
Thu Aug 08 14:37:05 KST 2019 - Detecting if UDP ack mode possible...
Thu Aug 08 14:37:05 KST 2019 - RUDP 5 8 10 0
Thu Aug 08 14:37:05 KST 2019 - 150 8484
Thu Aug 08 14:37:05 KST 2019 - UDP ack mode possible
Thu Aug 08 14:37:05 KST 2019 - INIFC --> INIFC 5 5242880 1006 108660200 0 1 -1668710971 4 0 4 0 1 10 1 1 1 0 0 5
Thu Aug 08 14:37:05 KST 2019 - Global byte buffer pool is enabled
Thu Aug 08 14:37:05 KST 2019 - INIFC 5 5242880 1006 108660200 0 1 -1668710971 4 0 4 0 1 10 1 1 1 0 0 5
Thu Aug 08 14:37:05 KST 2019 - 200 FileCatalyst transfer initialized.
Thu Aug 08 14:37:05 KST 2019 - APPE "3.exe" -1668710971
Thu Aug 08 14:37:05 KST 2019 - 125 8485
Thu Aug 08 14:37:06 KST 2019 - SIZE 2.exe
Thu Aug 08 14:37:06 KST 2019 - 550 File does not exist
Thu Aug 08 14:37:06 KST 2019 - Transfer mode: UDP
Thu Aug 08 14:37:06 KST 2019 - Uploading 2.exe (1 of 1)
Thu Aug 08 14:37:06 KST 2019 - SIZE 2.exe
Thu Aug 08 14:37:06 KST 2019 - 550 File does not exist
Thu Aug 08 14:37:06 KST 2019 - INIFC --> INIFC 5 5242880 1006 166331880 0 1 60197941 4 0 4 0 1 10 1 1 1 0 0 5
Thu Aug 08 14:37:06 KST 2019 - INIFC 5 5242880 1006 166331880 0 1 60197941 4 0 4 0 1 10 1 1 1 0 0 5
Thu Aug 08 14:37:06 KST 2019 - 200 FileCatalyst transfer initialized.
Thu Aug 08 14:37:06 KST 2019 - STOR "2.exe" 60197941
Thu Aug 08 14:37:06 KST 2019 - 125 8486
Thu Aug 08 14:41:36 KST 2019 - Done transferring 3.exe. Average rate = 4897.4 kbps (612.2 kB/s), Last rate = 3124 kbps (390.5 kB/s), Transfer Time 4 mins 31 secs, Packet Loss = 39.1%, RTT = 2177 ms
Thu Aug 08 14:41:36 KST 2019 - Verifying... 
Thu Aug 08 14:41:36 KST 2019 - MD5 "3.exe"
Thu Aug 08 14:41:42 KST 2019 - 213 068469165A8998EC5D4B76F8CFD9147C
Thu Aug 08 14:41:42 KST 2019 - Files are identical.
Thu Aug 08 14:41:42 KST 2019 - MD5-Logs "C:\Temp\3.exe" 068469165A8998EC5D4B76F8CFD9147C <-> "/3.exe" 068469165A8998EC5D4B76F8CFD9147C
Thu Aug 08 14:41:42 KST 2019 - WREP TRANSFER_ID=-1668710971|/FILE_STATUS=SUCCESS|/SESSION_ID=1565242619809-1-null
Thu Aug 08 14:41:46 KST 2019 - 200 Report Has Been Written
Thu Aug 08 14:41:47 KST 2019 - QUIT
Thu Aug 08 14:41:51 KST 2019 - 221 Goodbye.
Thu Aug 08 14:41:51 KST 2019 - java.util.logging.config.file = null
Thu Aug 08 14:41:51 KST 2019 - FileCatalyst API Enterprise v3.7.3  Build 25 (07/11/2019 1120)
Thu Aug 08 14:41:57 KST 2019 - 220 FileCatalyst Server Enterprise v3.7.3  Build 18 (04/15/2019 1039)
Thu Aug 08 14:41:57 KST 2019 - Setting Verify Mode To: VERIFY_AFTER
Thu Aug 08 14:41:57 KST 2019 - USER ichthys
Thu Aug 08 14:42:03 KST 2019 - 331 Please specify the password.
Thu Aug 08 14:42:03 KST 2019 - PASS *******
Thu Aug 08 14:42:04 KST 2019 - 230 Login successful.
Thu Aug 08 14:42:06 KST 2019 - server session ID matched 1565242917360-5-null
Thu Aug 08 14:42:06 KST 2019 - SETUP 3.7.3 7 false 9 ""
Thu Aug 08 14:42:08 KST 2019 - 211 30720000 32768 12 1000000 6 0 128 0 1 5242880
Thu Aug 08 14:42:10 KST 2019 - PWD
Thu Aug 08 14:42:14 KST 2019 - 257 "/"
Thu Aug 08 14:42:14 KST 2019 - PASV
Thu Aug 08 14:42:16 KST 2019 - 227 Entering Passive Mode (15,164,166,2,33,39)
Thu Aug 08 14:42:18 KST 2019 - LIST
Thu Aug 08 14:42:21 KST 2019 - 150 Here comes the directory listing.
Thu Aug 08 14:42:24 KST 2019 - 226 Transfer Complete.
Thu Aug 08 14:42:24 KST 2019 - Auto detecting connection mode and transfer mode...
Thu Aug 08 14:42:24 KST 2019 - ************ NetDiag:clientDetails: Version: Enterprise v3.7.3  Build 25 (07/11/2019 1120)
Thu Aug 08 14:42:24 KST 2019 - ************ NetDiag:clientDetails: OS: Windows 10 10.0 amd64
Thu Aug 08 14:42:24 KST 2019 - ************ NetDiag:clientDetails: Java: 1.8.0_211
Thu Aug 08 14:42:31 KST 2019 - 220 FileCatalyst Server Enterprise v3.7.3  Build 18 (04/15/2019 1039)
Thu Aug 08 14:42:31 KST 2019 - USER ichthys
Thu Aug 08 14:42:35 KST 2019 - 331 Please specify the password.
Thu Aug 08 14:42:35 KST 2019 - PASS *******
Thu Aug 08 14:42:36 KST 2019 - 230 Login successful.
Thu Aug 08 14:42:38 KST 2019 - server session ID matched 1565242951453-6-NULL
Thu Aug 08 14:42:38 KST 2019 - SETUP 3.7.3 7 false 9 ""
Thu Aug 08 14:42:40 KST 2019 - 211 30720000 32768 12 1000000 6 0 128 0 1 5242880
Thu Aug 08 14:42:42 KST 2019 - ************ NetDiag:fcversionChecker: ServerVersion: v3.7.3
Thu Aug 08 14:42:42 KST 2019 - PLATF
Thu Aug 08 14:42:45 KST 2019 - 200 Linux 3.10.0-957.1.3.el7.x86_64 amd64
Thu Aug 08 14:42:45 KST 2019 - ************ NetworkDiag:getFCServerOS: genuine FileCatalyst Server OS_STATUS is set to:Linux 3.10.0-957.1.3.el7.x86_64 amd64
Thu Aug 08 14:42:45 KST 2019 - ************ NetDiag:fcversionChecker: ServerVersion: v3.7.3
Thu Aug 08 14:42:45 KST 2019 - ************ NetworkDiag:getFCServerOS: genuine FileCatalyst Server AGENT_ID is set to:baf2edae684bca4b
Thu Aug 08 14:42:45 KST 2019 - TCP control channel works, detecting data transfer mode
Thu Aug 08 14:42:45 KST 2019 - TUDP 32 20 0
Thu Aug 08 14:42:47 KST 2019 - 150 8488
Thu Aug 08 14:42:49 KST 2019 - UDP failed, checking TCP data connection
Thu Aug 08 14:42:49 KST 2019 - PASV
Thu Aug 08 14:42:53 KST 2019 - 227 Entering Passive Mode (15,164,166,2,33,41)
Thu Aug 08 14:42:57 KST 2019 - Single stream TCP data connection succeeded
Thu Aug 08 14:42:57 KST 2019 - QUIT
Thu Aug 08 14:42:59 KST 2019 - 221 Goodbye.
Thu Aug 08 14:42:59 KST 2019 - NOOP
Thu Aug 08 14:43:02 KST 2019 - 200 NOOP ok.
Thu Aug 08 14:43:02 KST 2019 - SIZE 2.exe
Thu Aug 08 14:43:05 KST 2019 - 550 File does not exist
Thu Aug 08 14:43:05 KST 2019 - Transfer mode: FTP
Thu Aug 08 14:43:05 KST 2019 - Uploading 2.exe (1 of 1)
Thu Aug 08 14:43:05 KST 2019 - SIZE 2.exe
Thu Aug 08 14:43:07 KST 2019 - 550 File does not exist
Thu Aug 08 14:43:07 KST 2019 - INIFC --> INIFC 1 5242880 1 1  0 0 1 0 4 0 1 10 1 1 1 0 0 5
Thu Aug 08 14:43:07 KST 2019 - INIFC 1 5242880 1 1  0 0 1 0 4 0 1 10 1 1 1 0 0 5
Thu Aug 08 14:43:08 KST 2019 - 200 FileCatalyst transfer initialized.
Thu Aug 08 14:43:08 KST 2019 - TLEN 166331880
Thu Aug 08 14:43:09 KST 2019 - 200
Thu Aug 08 14:43:09 KST 2019 - PASV
Thu Aug 08 14:43:11 KST 2019 - 227 Entering Passive Mode (15,164,166,2,33,42)
Thu Aug 08 14:43:13 KST 2019 - STOR "2.exe" 2043411347
Thu Aug 08 14:43:16 KST 2019 - 150 Send the file
Thu Aug 08 14:43:16 KST 2019 - Error transferring 2.exe:  FCException File is being written in another session
Thu Aug 08 14:43:16 KST 2019 - WREP TRANSFER_ID=2043411347|/FILE_STATUS=ERROR|/SESSION_ID=1565242917360-5-null
Thu Aug 08 14:43:18 KST 2019 - 201 No Report To Write
Thu Aug 08 14:43:19 KST 2019 - QUIT
Thu Aug 08 14:43:22 KST 2019 - 221 Goodbye.
Thu Aug 08 14:43:22 KST 2019 - java.util.logging.config.file = null
Thu Aug 08 14:43:22 KST 2019 - FileCatalyst API Enterprise v3.7.3  Build 25 (07/11/2019 1120)
Thu Aug 08 14:43:26 KST 2019 - 220 FileCatalyst Server Enterprise v3.7.3  Build 18 (04/15/2019 1039)
Thu Aug 08 14:43:26 KST 2019 - Setting Verify Mode To: VERIFY_AFTER
Thu Aug 08 14:43:26 KST 2019 - USER ichthys
Thu Aug 08 14:43:28 KST 2019 - 331 Please specify the password.
Thu Aug 08 14:43:28 KST 2019 - PASS *******
Thu Aug 08 14:43:30 KST 2019 - 230 Login successful.
Thu Aug 08 14:43:30 KST 2019 - server session ID matched 1565243006842-7-null
Thu Aug 08 14:43:30 KST 2019 - SETUP 3.7.3 7 false 9 ""
Thu Aug 08 14:43:31 KST 2019 - 211 30720000 32768 12 1000000 6 0 128 0 1 5242880
Thu Aug 08 14:43:31 KST 2019 - PWD
Thu Aug 08 14:43:31 KST 2019 - 257 "/"
Thu Aug 08 14:43:31 KST 2019 - PASV
Thu Aug 08 14:43:31 KST 2019 - 227 Entering Passive Mode (15,164,166,2,33,43)
Thu Aug 08 14:43:31 KST 2019 - LIST
Thu Aug 08 14:43:31 KST 2019 - 150 Here comes the directory listing.
Thu Aug 08 14:43:31 KST 2019 - 226 Transfer Complete.
Thu Aug 08 14:43:31 KST 2019 - Auto detecting connection mode and transfer mode...
Thu Aug 08 14:43:31 KST 2019 - ************ NetDiag:clientDetails: Version: Enterprise v3.7.3  Build 25 (07/11/2019 1120)
Thu Aug 08 14:43:31 KST 2019 - ************ NetDiag:clientDetails: OS: Windows 10 10.0 amd64
Thu Aug 08 14:43:31 KST 2019 - ************ NetDiag:clientDetails: Java: 1.8.0_211
Thu Aug 08 14:43:31 KST 2019 - 220 FileCatalyst Server Enterprise v3.7.3  Build 18 (04/15/2019 1039)
Thu Aug 08 14:43:31 KST 2019 - USER ichthys
Thu Aug 08 14:43:31 KST 2019 - 331 Please specify the password.
Thu Aug 08 14:43:31 KST 2019 - PASS *******
Thu Aug 08 14:43:31 KST 2019 - 230 Login successful.
Thu Aug 08 14:43:31 KST 2019 - server session ID matched 1565243011855-8-NULL
Thu Aug 08 14:43:31 KST 2019 - SETUP 3.7.3 7 false 9 ""
Thu Aug 08 14:43:32 KST 2019 - Done transferring 2.exe. Average rate = 3449.3 kbps (431.2 kB/s), Last rate = 3368 kbps (421 kB/s), Transfer Time 6 mins 25 secs, Packet Loss = 28.5%, RTT = 43 ms
Thu Aug 08 14:43:32 KST 2019 - Verifying... 
Thu Aug 08 14:43:32 KST 2019 - MD5 "2.exe"
Thu Aug 08 14:43:32 KST 2019 - 211 30720000 32768 12 1000000 6 0 128 0 1 5242880
Thu Aug 08 14:43:32 KST 2019 - NOOP
Thu Aug 08 14:43:32 KST 2019 - 200 NOOP ok.
Thu Aug 08 14:43:32 KST 2019 - NOOP
Thu Aug 08 14:43:32 KST 2019 - 200 NOOP ok.
Thu Aug 08 14:43:32 KST 2019 - NOOP
Thu Aug 08 14:43:32 KST 2019 - 200 NOOP ok.
Thu Aug 08 14:43:32 KST 2019 - ************ NetDiag:fcversionChecker: ServerVersion: v3.7.3
Thu Aug 08 14:43:32 KST 2019 - PLATF
Thu Aug 08 14:43:32 KST 2019 - 200 Linux 3.10.0-957.1.3.el7.x86_64 amd64
Thu Aug 08 14:43:32 KST 2019 - ************ NetworkDiag:getFCServerOS: genuine FileCatalyst Server OS_STATUS is set to:Linux 3.10.0-957.1.3.el7.x86_64 amd64
Thu Aug 08 14:43:32 KST 2019 - ************ NetDiag:fcversionChecker: ServerVersion: v3.7.3
Thu Aug 08 14:43:32 KST 2019 - ************ NetworkDiag:getFCServerOS: genuine FileCatalyst Server AGENT_ID is set to:baf2edae684bca4b
Thu Aug 08 14:43:32 KST 2019 - TCP control channel works, detecting data transfer mode
Thu Aug 08 14:43:32 KST 2019 - TUDP 32 20 0
Thu Aug 08 14:43:32 KST 2019 - 150 8492
Thu Aug 08 14:43:32 KST 2019 - UDP data connection succeeded
Thu Aug 08 14:43:32 KST 2019 - QUIT
Thu Aug 08 14:43:32 KST 2019 - 221 Goodbye.
Thu Aug 08 14:43:32 KST 2019 - Transfer mode: UDP
Thu Aug 08 14:43:32 KST 2019 - Uploading 2.exe (1 of 1)
Thu Aug 08 14:43:32 KST 2019 - SIZE 2.exe
Thu Aug 08 14:43:32 KST 2019 - 213 166331880
Thu Aug 08 14:43:32 KST 2019 - INIFC --> INIFC 5 5242880 1006 166331880 0 1 604518361 4 0 4 0 1 10 1 1 1 0 0 5
Thu Aug 08 14:43:32 KST 2019 - INIFC 5 5242880 1006 166331880 0 1 604518361 4 0 4 0 1 10 1 1 1 0 0 5
Thu Aug 08 14:43:32 KST 2019 - 200 FileCatalyst transfer initialized.
Thu Aug 08 14:43:32 KST 2019 - STOR "2.exe" 604518361
Thu Aug 08 14:43:33 KST 2019 - 125 8493
Thu Aug 08 14:43:33 KST 2019 - 213 068469165A8998EC5D4B76F8CFD9147C
Thu Aug 08 14:43:33 KST 2019 - Files are identical.
Thu Aug 08 14:43:33 KST 2019 - MD5-Logs "C:\Temp\2.exe" 068469165A8998EC5D4B76F8CFD9147C <-> "/2.exe" 068469165A8998EC5D4B76F8CFD9147C
Thu Aug 08 14:43:33 KST 2019 - WREP TRANSFER_ID=60197941|/FILE_STATUS=SUCCESS|/SESSION_ID=1565242619811-2-null
Thu Aug 08 14:43:34 KST 2019 - 200 Report Has Been Written
Thu Aug 08 14:43:34 KST 2019 - QUIT
Thu Aug 08 14:43:34 KST 2019 - 221 Goodbye.
Thu Aug 08 21:50:57 KST 2019 - java.util.logging.config.file = null
Thu Aug 08 21:50:57 KST 2019 - FileCatalyst API Enterprise v3.7.3  Build 25 (07/11/2019 1120)
Thu Aug 08 21:50:57 KST 2019 - 220 FileCatalyst Server Enterprise v3.7.3  Build 18 (04/15/2019 1039)
Thu Aug 08 21:50:57 KST 2019 - Setting Verify Mode To: VERIFY_AFTER
Thu Aug 08 21:50:57 KST 2019 - USER ichthys
Thu Aug 08 21:50:57 KST 2019 - 331 Please specify the password.
Thu Aug 08 21:50:57 KST 2019 - PASS *******
Thu Aug 08 21:50:57 KST 2019 - 230 Login successful.
Thu Aug 08 21:50:57 KST 2019 - SYST
Thu Aug 08 21:50:57 KST 2019 - 215 FileCatalyst - UNIX Type: L8
Thu Aug 08 21:50:58 KST 2019 - server session ID matched 1565268657811-1-null
Thu Aug 08 21:50:58 KST 2019 - SETUP 3.7.3 7 false 9 ""
Thu Aug 08 21:50:58 KST 2019 - 211 30720000 32768 12 1000000 6 0 128 0 1 5242880
Thu Aug 08 21:50:58 KST 2019 - Auto detecting connection mode and transfer mode...
Thu Aug 08 21:50:58 KST 2019 - Auto detecting connection mode and transfer mode...
Thu Aug 08 21:50:58 KST 2019 - ************ NetDiag:clientDetails: Version: Enterprise v3.7.3  Build 25 (07/11/2019 1120)
Thu Aug 08 21:50:58 KST 2019 - ************ NetDiag:clientDetails: Version: Enterprise v3.7.3  Build 25 (07/11/2019 1120)
Thu Aug 08 21:50:58 KST 2019 - ************ NetDiag:clientDetails: OS: Windows 10 10.0 amd64
Thu Aug 08 21:50:58 KST 2019 - ************ NetDiag:clientDetails: OS: Windows 10 10.0 amd64
Thu Aug 08 21:50:58 KST 2019 - ************ NetDiag:clientDetails: Java: 1.8.0_211
Thu Aug 08 21:50:58 KST 2019 - ************ NetDiag:clientDetails: Java: 1.8.0_211
Thu Aug 08 21:50:58 KST 2019 - 220 FileCatalyst Server Enterprise v3.7.3  Build 18 (04/15/2019 1039)
Thu Aug 08 21:50:58 KST 2019 - 220 FileCatalyst Server Enterprise v3.7.3  Build 18 (04/15/2019 1039)
Thu Aug 08 21:50:58 KST 2019 - USER ichthys
Thu Aug 08 21:50:58 KST 2019 - USER ichthys
Thu Aug 08 21:50:58 KST 2019 - 331 Please specify the password.
Thu Aug 08 21:50:58 KST 2019 - 331 Please specify the password.
Thu Aug 08 21:50:58 KST 2019 - PASS *******
Thu Aug 08 21:50:58 KST 2019 - PASS *******
Thu Aug 08 21:50:58 KST 2019 - 230 Login successful.
Thu Aug 08 21:50:58 KST 2019 - 230 Login successful.
Thu Aug 08 21:50:58 KST 2019 - server session ID matched 1565268658295-2-NULL
Thu Aug 08 21:50:58 KST 2019 - server session ID matched 1565268658296-3-NULL
Thu Aug 08 21:50:58 KST 2019 - SETUP 3.7.3 7 false 9 ""
Thu Aug 08 21:50:58 KST 2019 - SETUP 3.7.3 7 false 9 ""
Thu Aug 08 21:50:58 KST 2019 - 211 30720000 32768 12 1000000 6 0 128 0 1 5242880
Thu Aug 08 21:50:58 KST 2019 - 211 30720000 32768 12 1000000 6 0 128 0 1 5242880
Thu Aug 08 21:50:58 KST 2019 - ************ NetDiag:fcversionChecker: ServerVersion: v3.7.3
Thu Aug 08 21:50:58 KST 2019 - ************ NetDiag:fcversionChecker: ServerVersion: v3.7.3
Thu Aug 08 21:50:58 KST 2019 - PLATF
Thu Aug 08 21:50:58 KST 2019 - PLATF
Thu Aug 08 21:50:58 KST 2019 - 200 Linux 3.10.0-957.1.3.el7.x86_64 amd64
Thu Aug 08 21:50:58 KST 2019 - ************ NetworkDiag:getFCServerOS: genuine FileCatalyst Server OS_STATUS is set to:Linux 3.10.0-957.1.3.el7.x86_64 amd64
Thu Aug 08 21:50:58 KST 2019 - ************ NetDiag:fcversionChecker: ServerVersion: v3.7.3
Thu Aug 08 21:50:58 KST 2019 - ************ NetworkDiag:getFCServerOS: genuine FileCatalyst Server AGENT_ID is set to:baf2edae684bca4b
Thu Aug 08 21:50:58 KST 2019 - TCP control channel works, detecting data transfer mode
Thu Aug 08 21:50:58 KST 2019 - 200 Linux 3.10.0-957.1.3.el7.x86_64 amd64
Thu Aug 08 21:50:58 KST 2019 - ************ NetworkDiag:getFCServerOS: genuine FileCatalyst Server OS_STATUS is set to:Linux 3.10.0-957.1.3.el7.x86_64 amd64
Thu Aug 08 21:50:58 KST 2019 - ************ NetDiag:fcversionChecker: ServerVersion: v3.7.3
Thu Aug 08 21:50:58 KST 2019 - TUDP 32 20 0
Thu Aug 08 21:50:58 KST 2019 - ************ NetworkDiag:getFCServerOS: genuine FileCatalyst Server AGENT_ID is set to:baf2edae684bca4b
Thu Aug 08 21:50:58 KST 2019 - TCP control channel works, detecting data transfer mode
Thu Aug 08 21:50:58 KST 2019 - TUDP 32 20 0
Thu Aug 08 21:50:58 KST 2019 - 150 8494
Thu Aug 08 21:50:58 KST 2019 - 150 8495
Thu Aug 08 21:50:58 KST 2019 - UDP data connection succeeded
Thu Aug 08 21:50:58 KST 2019 - UDP data connection succeeded
Thu Aug 08 21:50:58 KST 2019 - QUIT
Thu Aug 08 21:50:58 KST 2019 - QUIT
Thu Aug 08 21:50:59 KST 2019 - 221 Goodbye.
Thu Aug 08 21:50:59 KST 2019 - 221 Goodbye.
Thu Aug 08 21:50:59 KST 2019 - PWD
Thu Aug 08 21:50:59 KST 2019 - 257 "/"
Thu Aug 08 21:50:59 KST 2019 - PWD
Thu Aug 08 21:50:59 KST 2019 - 257 "/"
Thu Aug 08 21:51:01 KST 2019 - SIZE 3.exe
Thu Aug 08 21:51:01 KST 2019 - 213 166331880
Thu Aug 08 21:51:01 KST 2019 - SIZE 3.exe
Thu Aug 08 21:51:01 KST 2019 - Transfer mode: UDP
Thu Aug 08 21:51:01 KST 2019 - Uploading 3.exe (2 of 2)
Thu Aug 08 21:51:01 KST 2019 - 213 166331880
Thu Aug 08 21:51:01 KST 2019 - SIZE 3.exe
Thu Aug 08 21:51:01 KST 2019 - Transfer mode: UDP
Thu Aug 08 21:51:01 KST 2019 - Uploading 3.exe (2 of 2)
Thu Aug 08 21:51:01 KST 2019 - 213 166331880
Thu Aug 08 21:51:01 KST 2019 - SIZE 3.exe
Thu Aug 08 21:51:01 KST 2019 - Detecting if UDP ack mode possible...
Thu Aug 08 21:51:01 KST 2019 - 213 166331880
Thu Aug 08 21:51:01 KST 2019 - RUDP 5 8 10 0
Thu Aug 08 21:51:01 KST 2019 - 150 8496
Thu Aug 08 21:51:01 KST 2019 - UDP ack mode possible
Thu Aug 08 21:51:01 KST 2019 - INIFC --> INIFC 5 5242880 1006 166331880 0 1 834454457 4 0 4 0 1 10 1 1 1 0 0 5
Thu Aug 08 21:51:01 KST 2019 - INIFC --> INIFC 5 5242880 1006 166331880 0 1 -1912601185 4 0 4 0 1 10 1 1 1 0 0 5
Thu Aug 08 21:51:01 KST 2019 - Global byte buffer pool is enabled
Thu Aug 08 21:51:01 KST 2019 - INIFC 5 5242880 1006 166331880 0 1 834454457 4 0 4 0 1 10 1 1 1 0 0 5
Thu Aug 08 21:51:01 KST 2019 - 200 FileCatalyst transfer initialized.
Thu Aug 08 21:51:01 KST 2019 - INIFC 5 5242880 1006 166331880 0 1 -1912601185 4 0 4 0 1 10 1 1 1 0 0 5
Thu Aug 08 21:51:02 KST 2019 - 200 FileCatalyst transfer initialized.
Thu Aug 08 21:51:02 KST 2019 - STOR "3.exe" 834454457
Thu Aug 08 21:51:02 KST 2019 - 125 8497
Thu Aug 08 21:51:02 KST 2019 - STOR "3.exe" 834454457
Thu Aug 08 21:51:02 KST 2019 - 150 Send the file
Thu Aug 08 21:51:02 KST 2019 - Error transferring 3.exe:  NumberFormatException For input string: "Send the file"
Thu Aug 08 21:51:02 KST 2019 - WREP TRANSFER_ID=834454457|/FILE_STATUS=ERROR|/SESSION_ID=1565268657811-1-null
Thu Aug 08 21:51:02 KST 2019 - 200 Report Has Been Written
Thu Aug 08 21:51:02 KST 2019 - Error transferring 3.exe:  FCException File is being written in another session
Thu Aug 08 21:51:02 KST 2019 - WREP TRANSFER_ID=834454457|/FILE_STATUS=ERROR|/SESSION_ID=1565268657811-1-null
Thu Aug 08 21:51:04 KST 2019 - 226 Transfer aborted.
Thu Aug 08 21:55:41 KST 2019 - java.util.logging.config.file = null
Thu Aug 08 21:55:41 KST 2019 - FileCatalyst API Enterprise v3.7.3  Build 25 (07/11/2019 1120)
Thu Aug 08 21:55:41 KST 2019 - 220 FileCatalyst Server Enterprise v3.7.3  Build 18 (04/15/2019 1039)
Thu Aug 08 21:55:41 KST 2019 - Setting Verify Mode To: VERIFY_AFTER
Thu Aug 08 21:55:41 KST 2019 - USER ichthys
Thu Aug 08 21:55:41 KST 2019 - 331 Please specify the password.
Thu Aug 08 21:55:41 KST 2019 - PASS *******
Thu Aug 08 21:55:41 KST 2019 - 230 Login successful.
Thu Aug 08 21:55:41 KST 2019 - SYST
Thu Aug 08 21:55:41 KST 2019 - 215 FileCatalyst - UNIX Type: L8
Thu Aug 08 21:55:41 KST 2019 - server session ID matched 1565268941285-1-null
Thu Aug 08 21:55:41 KST 2019 - SETUP 3.7.3 7 false 9 ""
Thu Aug 08 21:55:41 KST 2019 - 211 30720000 32768 12 1000000 6 0 128 0 1 5242880
Thu Aug 08 21:55:41 KST 2019 - NOOP
Thu Aug 08 21:55:41 KST 2019 - 200 NOOP ok.
Thu Aug 08 21:55:41 KST 2019 - NOOP
Thu Aug 08 21:55:41 KST 2019 - 200 NOOP ok.
Thu Aug 08 21:55:41 KST 2019 - NOOP
Thu Aug 08 21:55:41 KST 2019 - 200 NOOP ok.
Thu Aug 08 21:55:41 KST 2019 - Auto detecting connection mode and transfer mode...
Thu Aug 08 21:55:41 KST 2019 - ************ NetDiag:clientDetails: Version: Enterprise v3.7.3  Build 25 (07/11/2019 1120)
Thu Aug 08 21:55:41 KST 2019 - ************ NetDiag:clientDetails: OS: Windows 10 10.0 amd64
Thu Aug 08 21:55:41 KST 2019 - ************ NetDiag:clientDetails: Java: 1.8.0_211
Thu Aug 08 21:55:41 KST 2019 - 220 FileCatalyst Server Enterprise v3.7.3  Build 18 (04/15/2019 1039)
Thu Aug 08 21:55:41 KST 2019 - USER ichthys
Thu Aug 08 21:55:41 KST 2019 - 331 Please specify the password.
Thu Aug 08 21:55:41 KST 2019 - PASS *******
Thu Aug 08 21:55:42 KST 2019 - 230 Login successful.
Thu Aug 08 21:55:42 KST 2019 - server session ID matched 1565268941893-2-NULL
Thu Aug 08 21:55:42 KST 2019 - SETUP 3.7.3 7 false 9 ""
Thu Aug 08 21:55:42 KST 2019 - 211 30720000 32768 12 1000000 6 0 128 0 1 5242880
Thu Aug 08 21:55:42 KST 2019 - NOOP
Thu Aug 08 21:55:42 KST 2019 - 200 NOOP ok.
Thu Aug 08 21:55:42 KST 2019 - NOOP
Thu Aug 08 21:55:42 KST 2019 - 200 NOOP ok.
Thu Aug 08 21:55:42 KST 2019 - NOOP
Thu Aug 08 21:55:42 KST 2019 - 200 NOOP ok.
Thu Aug 08 21:55:42 KST 2019 - ************ NetDiag:fcversionChecker: ServerVersion: v3.7.3
Thu Aug 08 21:55:42 KST 2019 - PLATF
Thu Aug 08 21:55:42 KST 2019 - 200 Linux 3.10.0-957.1.3.el7.x86_64 amd64
Thu Aug 08 21:55:42 KST 2019 - ************ NetworkDiag:getFCServerOS: genuine FileCatalyst Server OS_STATUS is set to:Linux 3.10.0-957.1.3.el7.x86_64 amd64
Thu Aug 08 21:55:42 KST 2019 - ************ NetDiag:fcversionChecker: ServerVersion: v3.7.3
Thu Aug 08 21:55:42 KST 2019 - ************ NetworkDiag:getFCServerOS: genuine FileCatalyst Server AGENT_ID is set to:baf2edae684bca4b
Thu Aug 08 21:55:42 KST 2019 - TCP control channel works, detecting data transfer mode
Thu Aug 08 21:55:42 KST 2019 - TUDP 32 20 0
Thu Aug 08 21:55:42 KST 2019 - 150 8498
Thu Aug 08 21:55:42 KST 2019 - UDP data connection succeeded
Thu Aug 08 21:55:42 KST 2019 - QUIT
Thu Aug 08 21:55:42 KST 2019 - 221 Goodbye.
Thu Aug 08 21:55:42 KST 2019 - PWD
Thu Aug 08 21:55:42 KST 2019 - 257 "/"
Thu Aug 08 21:55:42 KST 2019 - PWD
Thu Aug 08 21:55:42 KST 2019 - 257 "/"
Thu Aug 08 21:55:42 KST 2019 - SIZE 6.exe
Thu Aug 08 21:55:42 KST 2019 - 550 File does not exist
Thu Aug 08 21:55:42 KST 2019 - SIZE 3.exe
Thu Aug 08 21:55:43 KST 2019 - Transfer mode: UDP
Thu Aug 08 21:55:43 KST 2019 - Uploading 6.exe (1 of 1)
Thu Aug 08 21:55:43 KST 2019 - 213 0
Thu Aug 08 21:55:43 KST 2019 - SIZE 6.exe
Thu Aug 08 21:55:43 KST 2019 - Transfer mode: UDP
Thu Aug 08 21:55:43 KST 2019 - Uploading 3.exe (1 of 1)
Thu Aug 08 21:55:43 KST 2019 - 550 File does not exist
Thu Aug 08 21:55:43 KST 2019 - SIZE 3.exe
Thu Aug 08 21:55:43 KST 2019 - Detecting if UDP ack mode possible...
Thu Aug 08 21:55:43 KST 2019 - 213 0
Thu Aug 08 21:55:43 KST 2019 - RUDP 5 8 10 0
Thu Aug 08 21:55:43 KST 2019 - 150 8499
Thu Aug 08 21:55:43 KST 2019 - UDP ack mode possible
Thu Aug 08 21:55:43 KST 2019 - INIFC --> INIFC 5 5242880 1006 166331880 0 1 -1663989745 4 0 4 0 1 10 1 1 1 0 0 5
Thu Aug 08 21:55:43 KST 2019 - INIFC --> INIFC 5 5242880 1006 166331880 0 1 -1663989745 4 0 4 0 1 10 1 1 1 0 0 5
Thu Aug 08 21:55:43 KST 2019 - Global byte buffer pool is enabled
Thu Aug 08 21:55:43 KST 2019 - INIFC 5 5242880 1006 166331880 0 1 -1663989745 4 0 4 0 1 10 1 1 1 0 0 5
Thu Aug 08 21:55:43 KST 2019 - 200 FileCatalyst transfer initialized.
Thu Aug 08 21:55:43 KST 2019 - STOR "6.exe" -1663989745
Thu Aug 08 21:55:43 KST 2019 - 125 8500
Thu Aug 08 21:55:43 KST 2019 - INIFC 5 5242880 1006 166331880 0 1 -1663989745 4 0 4 0 1 10 1 1 1 0 0 5
Thu Aug 08 21:55:44 KST 2019 - 200 FileCatalyst transfer initialized.
Thu Aug 08 21:55:44 KST 2019 - STOR "3.exe" -1663989745
Thu Aug 08 21:55:51 KST 2019 - Control connection lost: FCException SocketTimeoutException Read timed out
Thu Aug 08 21:55:51 KST 2019 - Attempting to reconnect... (attempt 1 of 11)
Thu Aug 08 21:55:51 KST 2019 - Error transferring 6.exe:  FCException 8501
Thu Aug 08 21:55:51 KST 2019 - WREP TRANSFER_ID=-1663989745|/FILE_STATUS=ERROR|/SESSION_ID=1565268941285-1-null
Thu Aug 08 21:55:53 KST 2019 - 226 Transfer aborted.
Thu Aug 08 21:55:54 KST 2019 - QUIT
Thu Aug 08 21:55:54 KST 2019 - 200 Report Has Been Written
Thu Aug 08 21:55:54 KST 2019 - 220 FileCatalyst Server Enterprise v3.7.3  Build 18 (04/15/2019 1039)
Thu Aug 08 21:55:54 KST 2019 - USER ichthys
Thu Aug 08 21:55:54 KST 2019 - 331 Please specify the password.
Thu Aug 08 21:55:54 KST 2019 - PASS *******
Thu Aug 08 21:55:54 KST 2019 - 230 Login successful.
Thu Aug 08 21:55:54 KST 2019 - server session ID matched 1565268941285-1-null
Thu Aug 08 21:55:54 KST 2019 - SETUP 3.7.3 7 false 9 ""
Thu Aug 08 21:55:54 KST 2019 - 211 30720000 32768 12 1000000 6 0 128 0 1 5242880
Thu Aug 08 21:55:54 KST 2019 - Reconnected
Thu Aug 08 21:55:54 KST 2019 - SIZE 3.exe
Thu Aug 08 21:55:54 KST 2019 - 213 0
Thu Aug 08 21:55:54 KST 2019 - Retrying 3.exe
Thu Aug 08 21:55:54 KST 2019 - INIFC --> INIFC 5 5242880 1006 166331880 0 1 -456284457 4 0 4 0 1 10 1 1 1 0 0 5
Thu Aug 08 21:55:54 KST 2019 - INIFC 5 5242880 1006 166331880 0 1 -456284457 4 0 4 0 1 10 1 1 1 0 0 5
Thu Aug 08 21:55:54 KST 2019 - 200 FileCatalyst transfer initialized.
Thu Aug 08 21:55:54 KST 2019 - STOR "3.exe" -456284457
Thu Aug 08 21:55:54 KST 2019 - 125 8502
