Tue Aug 06 20:49:32 KST 2019 - java.util.logging.config.file = null
Tue Aug 06 20:49:32 KST 2019 - FileCatalyst API Enterprise v3.7.3  Build 25 (07/11/2019 1120)
Tue Aug 06 20:49:33 KST 2019 - 220 FileCatalyst Server Enterprise v3.7.3  Build 18 (04/15/2019 1039)
Tue Aug 06 20:49:33 KST 2019 - Setting Verify Mode To: VERIFY_AFTER
Tue Aug 06 20:49:33 KST 2019 - USER ichthys
Tue Aug 06 20:49:33 KST 2019 - 331 Please specify the password.
Tue Aug 06 20:49:33 KST 2019 - PASS *******
Tue Aug 06 20:49:33 KST 2019 - 230 Login successful.
Tue Aug 06 20:49:33 KST 2019 - SYST
Tue Aug 06 20:49:33 KST 2019 - 215 FileCatalyst - UNIX Type: L8
Tue Aug 06 20:49:33 KST 2019 - server session ID matched 1565092173186-1-null
Tue Aug 06 20:49:33 KST 2019 - SETUP 3.7.3 7 false 9 ""
Tue Aug 06 20:49:33 KST 2019 - 211 30720000 32768 12 1000000 6 0 128 0 1 5242880
Tue Aug 06 20:49:33 KST 2019 - PWD
Tue Aug 06 20:49:33 KST 2019 - 257 "/"
Tue Aug 06 20:49:33 KST 2019 - SIZE seoy2.log
Tue Aug 06 20:49:33 KST 2019 - 550 File does not exist
Tue Aug 06 20:49:33 KST 2019 - Transfer mode: UDP
Tue Aug 06 20:49:33 KST 2019 - Uploading seoy2.log (1 of 1)
Tue Aug 06 20:49:33 KST 2019 - SIZE seoy2.log
Tue Aug 06 20:49:34 KST 2019 - 550 File does not exist
Tue Aug 06 20:49:34 KST 2019 - Detecting if UDP ack mode possible...
Tue Aug 06 20:49:34 KST 2019 - RUDP 5 8 10 0
Tue Aug 06 20:49:34 KST 2019 - 150 8241
Tue Aug 06 20:49:39 KST 2019 - UDP ack mode not possible, incoming UDP not working.
Tue Aug 06 20:49:39 KST 2019 - INIFC --> INIFC 1 5242880 24 24 0 1 -48702485 4 0 4 0 1 10 1 1 1 0 0 5
Tue Aug 06 20:49:39 KST 2019 - Global byte buffer pool is enabled
Tue Aug 06 20:49:39 KST 2019 - INIFC 1 5242880 24 24 0 1 -48702485 4 0 4 0 1 10 1 1 1 0 0 5
Tue Aug 06 20:49:39 KST 2019 - 200 FileCatalyst transfer initialized.
Tue Aug 06 20:49:39 KST 2019 - STOR "seoy2.log" -48702485
Tue Aug 06 20:49:39 KST 2019 - 125 8242
Tue Aug 06 20:49:39 KST 2019 - WARNING: LOSS based congestion control not possible because only TCP ACKs are possible.  Forcing RTT mode congestion control.
Tue Aug 06 20:49:40 KST 2019 - Done transferring seoy2.log. Average rate = 0 kbps (0 kB/s), Last rate = 0 kbps (0 kB/s), Transfer Time 6 secs, Packet Loss = 0%, RTT = 132 ms
Tue Aug 06 20:49:40 KST 2019 - Verifying... 
Tue Aug 06 20:49:40 KST 2019 - MD5 "seoy2.log"
Tue Aug 06 20:49:41 KST 2019 - 213 7B7491B14B13702DA523C14069270137
Tue Aug 06 20:49:41 KST 2019 - Files are identical.
Tue Aug 06 20:49:41 KST 2019 - MD5-Logs "C:\Temp\seoy2.log" 7B7491B14B13702DA523C14069270137 <-> "/seoy2.log" 7B7491B14B13702DA523C14069270137
Tue Aug 06 20:49:41 KST 2019 - WREP TRANSFER_ID=-48702485|/FILE_STATUS=SUCCESS|/SESSION_ID=1565092173186-1-null
Tue Aug 06 20:49:41 KST 2019 - 200 Report Has Been Written
Tue Aug 06 20:49:41 KST 2019 - QUIT
Tue Aug 06 20:49:41 KST 2019 - 221 Goodbye.
